[2016-12-12 11:53:08][debug] string:appid=wxf53ced15df6d9c63&attach=1&body=股权帮&mch_id=1325297401&nonce_str=7c9vrifx4ltq32q0vh6wrgt89flduvrw&notify_url=http://cs.bogleunion.com/api.php/PayNotify/webchatpay_notify.html&openid=oBZpmxCxR45yJ_TLEhR5cc2LbJDY&out_trade_no=2016121251102505&spbill_create_ip=101.226.102.80&time_expire=20161212120308&time_start=20161212115308&total_fee=380000&trade_type=JSAPI&key=bogleunionL18899765853bogleunion
[2016-12-12 11:53:08][debug] key:bogleunionL18899765853bogleunion
[2016-12-12 11:53:23][debug] string:appid=wxf53ced15df6d9c63&attach=1&body=股权帮&mch_id=1325297401&nonce_str=5zy4uldnikd4of6sl3h0rniry76pfs02&notify_url=http://cs.bogleunion.com/api.php/PayNotify/webchatpay_notify.html&openid=oBZpmxCxR45yJ_TLEhR5cc2LbJDY&out_trade_no=2016121250101569&spbill_create_ip=101.226.102.80&time_expire=20161212120323&time_start=20161212115323&total_fee=380000&trade_type=JSAPI&key=bogleunionL18899765853bogleunion
[2016-12-12 11:53:23][debug] key:bogleunionL18899765853bogleunion
[2016-12-12 11:53:43][debug] string:appid=wxf53ced15df6d9c63&attach=1&body=股权帮&mch_id=1325297401&nonce_str=ur4piubnqy0di4j643dkghd1osltfsme&notify_url=http://cs.bogleunion.com/api.php/PayNotify/webchatpay_notify.html&openid=oBZpmxCxR45yJ_TLEhR5cc2LbJDY&out_trade_no=2016121250101569&spbill_create_ip=101.226.102.80&time_expire=20161212120343&time_start=20161212115343&total_fee=380000&trade_type=JSAPI&key=bogleunionL18899765853bogleunion
[2016-12-12 11:53:43][debug] key:bogleunionL18899765853bogleunion
[2016-12-12 11:53:46][debug] string:appid=wxf53ced15df6d9c63&mch_id=1325297401&nonce_str=wP5BByWmu0Z7A6Ur&prepay_id=wx20161212115346d13f79c7a60428504217&result_code=SUCCESS&return_code=SUCCESS&return_msg=OK&trade_type=JSAPI&key=bogleunionL18899765853bogleunion
[2016-12-12 11:53:46][debug] key:bogleunionL18899765853bogleunion
[2016-12-12 11:53:46][debug] string:appId=wxf53ced15df6d9c63&nonceStr=619s81pad69tk6bqv3uvrkazjas6wo23&package=prepay_id=wx20161212115346d13f79c7a60428504217&signType=MD5&timeStamp=1481514826&key=bogleunionL18899765853bogleunion
[2016-12-12 11:53:46][debug] key:bogleunionL18899765853bogleunion
[2016-12-12 12:29:24][debug] string:appid=wxf53ced15df6d9c63&attach=1&body=股权帮&mch_id=1325297401&nonce_str=8vupef08i30j1ad8zw3gjq0jue66i7fe&notify_url=http://cs.bogleunion.com/api.php/PayNotify/webchatpay_notify.html&openid=oBZpmxHBSwbNyNrpcYjgNab7a0uY&out_trade_no=2016121251100485&spbill_create_ip=42.90.45.67&time_expire=20161212123924&time_start=20161212122924&total_fee=1000000&trade_type=JSAPI&key=bogleunionL18899765853bogleunion
[2016-12-12 12:29:24][debug] key:bogleunionL18899765853bogleunion
[2016-12-12 12:29:26][debug] string:appid=wxf53ced15df6d9c63&mch_id=1325297401&nonce_str=uCFNOHrk678DviaC&prepay_id=wx20161212122926dfda22f0e70735807717&result_code=SUCCESS&return_code=SUCCESS&return_msg=OK&trade_type=JSAPI&key=bogleunionL18899765853bogleunion
[2016-12-12 12:29:26][debug] key:bogleunionL18899765853bogleunion
[2016-12-12 12:29:26][debug] string:appId=wxf53ced15df6d9c63&nonceStr=k85ns6do7loexih82fpxxdlanexlfjnw&package=prepay_id=wx20161212122926dfda22f0e70735807717&signType=MD5&timeStamp=1481516966&key=bogleunionL18899765853bogleunion
[2016-12-12 12:29:26][debug] key:bogleunionL18899765853bogleunion
[2016-12-12 12:31:49][debug] string:appid=wxf53ced15df6d9c63&attach=1&body=股权帮&mch_id=1325297401&nonce_str=zazxii3cjrkyc5u6zi64r4904ymkpkdq&notify_url=http://cs.bogleunion.com/api.php/PayNotify/webchatpay_notify.html&openid=oBZpmxMCUXwomhxN9VEZ0ZsA_4IA&out_trade_no=2016121253501005&spbill_create_ip=123.151.42.57&time_expire=20161212124149&time_start=20161212123149&total_fee=1000000&trade_type=JSAPI&key=bogleunionL18899765853bogleunion
[2016-12-12 12:31:49][debug] key:bogleunionL18899765853bogleunion
[2016-12-12 12:31:51][debug] string:appid=wxf53ced15df6d9c63&mch_id=1325297401&nonce_str=MwaLSD8BC0LyJ1Vj&prepay_id=wx20161212123151e1caad98d50098513003&result_code=SUCCESS&return_code=SUCCESS&return_msg=OK&trade_type=JSAPI&key=bogleunionL18899765853bogleunion
[2016-12-12 12:31:51][debug] key:bogleunionL18899765853bogleunion
[2016-12-12 12:31:51][debug] string:appId=wxf53ced15df6d9c63&nonceStr=7prk7xlqe6yum05opv4avszea874mjj0&package=prepay_id=wx20161212123151e1caad98d50098513003&signType=MD5&timeStamp=1481517111&key=bogleunionL18899765853bogleunion
[2016-12-12 12:31:51][debug] key:bogleunionL18899765853bogleunion
[2016-12-12 13:37:13][debug] string:appid=wxf53ced15df6d9c63&attach=1&body=股权帮&mch_id=1325297401&nonce_str=heds3sj68pow6hqocee76v9vpqqvwais&notify_url=http://cs.bogleunion.com/api.php/PayNotify/webchatpay_notify.html&openid=oBZpmxHwS0A7OFGKSltKP9jhuhjI&out_trade_no=2016121256531015&spbill_create_ip=101.226.93.241&time_expire=20161212134713&time_start=20161212133713&total_fee=380000&trade_type=JSAPI&key=bogleunionL18899765853bogleunion
[2016-12-12 13:37:13][debug] key:bogleunionL18899765853bogleunion
[2016-12-12 13:37:13][debug] string:appid=wxf53ced15df6d9c63&mch_id=1325297401&nonce_str=CRgFfP8ueNxaoIfa&prepay_id=wx20161212133713b9dc24c5980471864066&result_code=SUCCESS&return_code=SUCCESS&return_msg=OK&trade_type=JSAPI&key=bogleunionL18899765853bogleunion
[2016-12-12 13:37:13][debug] key:bogleunionL18899765853bogleunion
[2016-12-12 13:37:13][debug] string:appId=wxf53ced15df6d9c63&nonceStr=mfjkhc7mshb2ytpipjxehwof5ozzgb14&package=prepay_id=wx20161212133713b9dc24c5980471864066&signType=MD5&timeStamp=1481521033&key=bogleunionL18899765853bogleunion
[2016-12-12 13:37:13][debug] key:bogleunionL18899765853bogleunion
[2016-12-12 13:55:14][debug] string:appid=wxf53ced15df6d9c63&attach=1&body=股权帮&mch_id=1325297401&nonce_str=ov1eqn8sxnrdndggke5rwkqudur3imof&notify_url=http://cs.bogleunion.com/api.php/PayNotify/webchatpay_notify.html&openid=oBZpmxEd_jDx1GS4wAdfJtjH0ANY&out_trade_no=2016112850484910&spbill_create_ip=123.178.84.181&time_expire=20161212140514&time_start=20161212135514&total_fee=380000&trade_type=JSAPI&key=bogleunionL18899765853bogleunion
[2016-12-12 13:55:14][debug] key:bogleunionL18899765853bogleunion
[2016-12-12 13:55:16][debug] string:appid=wxf53ced15df6d9c63&mch_id=1325297401&nonce_str=4ccZKrFmoePqNWTm&prepay_id=wx2016121213551608ca2963f00521971308&result_code=SUCCESS&return_code=SUCCESS&return_msg=OK&trade_type=JSAPI&key=bogleunionL18899765853bogleunion
[2016-12-12 13:55:16][debug] key:bogleunionL18899765853bogleunion
[2016-12-12 13:55:16][debug] string:appId=wxf53ced15df6d9c63&nonceStr=rcsubftliijb1agrhw1we0jidixts84a&package=prepay_id=wx2016121213551608ca2963f00521971308&signType=MD5&timeStamp=1481522116&key=bogleunionL18899765853bogleunion
[2016-12-12 13:55:16][debug] key:bogleunionL18899765853bogleunion
[2016-12-12 16:28:00][debug] string:appid=wxf53ced15df6d9c63&attach=1&body=股权帮&mch_id=1325297401&nonce_str=l0nfvl0knchsfvcewlybk3dop6ys8pv4&notify_url=http://cs.bogleunion.com/api.php/PayNotify/webchatpay_notify.html&openid=oBZpmxCxR45yJ_TLEhR5cc2LbJDY&out_trade_no=2016121210297574&spbill_create_ip=101.226.102.80&time_expire=20161212163800&time_start=20161212162800&total_fee=980000&trade_type=JSAPI&key=bogleunionL18899765853bogleunion
[2016-12-12 16:28:00][debug] key:bogleunionL18899765853bogleunion
[2016-12-12 16:28:03][debug] string:appid=wxf53ced15df6d9c63&mch_id=1325297401&nonce_str=xZjxiZmzBNpcVvxA&prepay_id=wx201612121628033f1dfe699f0075716259&result_code=SUCCESS&return_code=SUCCESS&return_msg=OK&trade_type=JSAPI&key=bogleunionL18899765853bogleunion
[2016-12-12 16:28:03][debug] key:bogleunionL18899765853bogleunion
[2016-12-12 16:28:03][debug] string:appId=wxf53ced15df6d9c63&nonceStr=koejo6qwds7hhqje95nsaz93ma1wgxi4&package=prepay_id=wx201612121628033f1dfe699f0075716259&signType=MD5&timeStamp=1481531283&key=bogleunionL18899765853bogleunion
[2016-12-12 16:28:03][debug] key:bogleunionL18899765853bogleunion
[2016-12-12 16:39:01][debug] string:appid=wxf53ced15df6d9c63&attach=1&body=股权帮&mch_id=1325297401&nonce_str=ov6mzwdigvbdlb1ax4i0fiv2e26u73q5&notify_url=http://cs.bogleunion.com/api.php/PayNotify/webchatpay_notify.html&openid=oBZpmxCxR45yJ_TLEhR5cc2LbJDY&out_trade_no=2016121210297574&spbill_create_ip=101.226.102.80&time_expire=20161212164901&time_start=20161212163901&total_fee=980000&trade_type=JSAPI&key=bogleunionL18899765853bogleunion
[2016-12-12 16:39:01][debug] key:bogleunionL18899765853bogleunion
[2016-12-12 16:39:02][debug] string:appid=wxf53ced15df6d9c63&mch_id=1325297401&nonce_str=ouajlTfu48USGRY7&prepay_id=wx2016121216390312040cf7e00208339777&result_code=SUCCESS&return_code=SUCCESS&return_msg=OK&trade_type=JSAPI&key=bogleunionL18899765853bogleunion
[2016-12-12 16:39:02][debug] key:bogleunionL18899765853bogleunion
[2016-12-12 16:39:02][debug] string:appId=wxf53ced15df6d9c63&nonceStr=6pudpimuyoriueh2qra68mv64p0wb1cf&package=prepay_id=wx2016121216390312040cf7e00208339777&signType=MD5&timeStamp=1481531942&key=bogleunionL18899765853bogleunion
[2016-12-12 16:39:02][debug] key:bogleunionL18899765853bogleunion
[2016-12-12 17:47:58][debug] string:appid=wxf53ced15df6d9c63&attach=1&body=股权帮&mch_id=1325297401&nonce_str=n55fdk6t0jcu1uah360pn0zwgz6d47h2&notify_url=http://cs.bogleunion.com/api.php/PayNotify/webchatpay_notify.html&openid=oBZpmxGwRalZuUQ-zftRPWExBC3g&out_trade_no=2016121210150511&spbill_create_ip=49.92.185.48&time_expire=20161212175758&time_start=20161212174758&total_fee=1000000&trade_type=JSAPI&key=bogleunionL18899765853bogleunion
[2016-12-12 17:47:58][debug] key:bogleunionL18899765853bogleunion
[2016-12-12 17:48:00][debug] string:appid=wxf53ced15df6d9c63&mch_id=1325297401&nonce_str=j1Q2SW0Gceh70wBg&prepay_id=wx20161212174800fff9312e2d0786678943&result_code=SUCCESS&return_code=SUCCESS&return_msg=OK&trade_type=JSAPI&key=bogleunionL18899765853bogleunion
[2016-12-12 17:48:00][debug] key:bogleunionL18899765853bogleunion
[2016-12-12 17:48:00][debug] string:appId=wxf53ced15df6d9c63&nonceStr=ne26p8c5hxvcotlbl1nt4d42eo0nyfqw&package=prepay_id=wx20161212174800fff9312e2d0786678943&signType=MD5&timeStamp=1481536080&key=bogleunionL18899765853bogleunion
[2016-12-12 17:48:00][debug] key:bogleunionL18899765853bogleunion
