[2016-12-15 10:52:57][debug] string:appid=wxf53ced15df6d9c63&attach=1&body=股权帮&mch_id=1325297401&nonce_str=1fika2qstrk61thlimuc26fcy8twstyy&notify_url=http://cs.bogleunion.com/api.php/PayNotify/webchatpay_notify.html&openid=oBZpmxLkMITcqPqPiB9Q-_LoJGPQ&out_trade_no=2016121557515453&spbill_create_ip=114.249.223.162&time_expire=20161215110257&time_start=20161215105257&total_fee=2000000&trade_type=JSAPI&key=bogleunionL18899765853bogleunion
[2016-12-15 10:52:57][debug] key:bogleunionL18899765853bogleunion
[2016-12-15 10:52:59][debug] string:appid=wxf53ced15df6d9c63&mch_id=1325297401&nonce_str=8spn4JOBrzrlqbhp&prepay_id=wx2016121510525902dc0992f00237268485&result_code=SUCCESS&return_code=SUCCESS&return_msg=OK&trade_type=JSAPI&key=bogleunionL18899765853bogleunion
[2016-12-15 10:52:59][debug] key:bogleunionL18899765853bogleunion
[2016-12-15 10:52:59][debug] string:appId=wxf53ced15df6d9c63&nonceStr=fvt1516dcjfesh02531eodvdl4jr0ay0&package=prepay_id=wx2016121510525902dc0992f00237268485&signType=MD5&timeStamp=1481770379&key=bogleunionL18899765853bogleunion
[2016-12-15 10:52:59][debug] key:bogleunionL18899765853bogleunion
[2016-12-15 10:53:06][debug] string:appid=wxf53ced15df6d9c63&attach=1&body=股权帮&mch_id=1325297401&nonce_str=2n9ygwgz2krkt3oidpxe7j1ms7he55f4&notify_url=http://cs.bogleunion.com/api.php/PayNotify/webchatpay_notify.html&openid=oBZpmxPaUzoivEcgvr-kM0T14ukM&out_trade_no=2016121549525355&spbill_create_ip=114.249.223.162&time_expire=20161215110306&time_start=20161215105306&total_fee=2000000&trade_type=JSAPI&key=bogleunionL18899765853bogleunion
[2016-12-15 10:53:06][debug] key:bogleunionL18899765853bogleunion
[2016-12-15 10:53:06][debug] string:appid=wxf53ced15df6d9c63&mch_id=1325297401&nonce_str=95PpeJmc4cykvoR5&prepay_id=wx20161215105306574d329e940254274788&result_code=SUCCESS&return_code=SUCCESS&return_msg=OK&trade_type=JSAPI&key=bogleunionL18899765853bogleunion
[2016-12-15 10:53:06][debug] key:bogleunionL18899765853bogleunion
[2016-12-15 10:53:06][debug] string:appId=wxf53ced15df6d9c63&nonceStr=954l7pm8du03280do9uqhmhfoygec2i1&package=prepay_id=wx20161215105306574d329e940254274788&signType=MD5&timeStamp=1481770386&key=bogleunionL18899765853bogleunion
[2016-12-15 10:53:06][debug] key:bogleunionL18899765853bogleunion
[2016-12-15 10:55:30][debug] string:appid=wxf53ced15df6d9c63&attach=1&body=股权帮&mch_id=1325297401&nonce_str=nuxzp8mkykfxnz4btm60w8cqzif29me3&notify_url=http://cs.bogleunion.com/api.php/PayNotify/webchatpay_notify.html&openid=oBZpmxPaUzoivEcgvr-kM0T14ukM&out_trade_no=2016121550499851&spbill_create_ip=114.249.223.162&time_expire=20161215110530&time_start=20161215105530&total_fee=2000000&trade_type=JSAPI&key=bogleunionL18899765853bogleunion
[2016-12-15 10:55:30][debug] key:bogleunionL18899765853bogleunion
[2016-12-15 10:55:32][debug] string:appid=wxf53ced15df6d9c63&mch_id=1325297401&nonce_str=g3pB4UbDoIJhMSYL&prepay_id=wx20161215105532c009e32bd30295616485&result_code=SUCCESS&return_code=SUCCESS&return_msg=OK&trade_type=JSAPI&key=bogleunionL18899765853bogleunion
[2016-12-15 10:55:32][debug] key:bogleunionL18899765853bogleunion
[2016-12-15 10:55:32][debug] string:appId=wxf53ced15df6d9c63&nonceStr=omy791thh82jgx1ota8s8ffhz7ig6zy4&package=prepay_id=wx20161215105532c009e32bd30295616485&signType=MD5&timeStamp=1481770532&key=bogleunionL18899765853bogleunion
[2016-12-15 10:55:32][debug] key:bogleunionL18899765853bogleunion
[2016-12-15 10:56:03][debug] string:appid=wxf53ced15df6d9c63&attach=1&body=股权帮&mch_id=1325297401&nonce_str=astw5mqbrmmo2tsz4ls1g0eeeh3usvr1&notify_url=http://cs.bogleunion.com/api.php/PayNotify/webchatpay_notify.html&openid=oBZpmxPaUzoivEcgvr-kM0T14ukM&out_trade_no=2016121550100974&spbill_create_ip=114.249.223.162&time_expire=20161215110603&time_start=20161215105603&total_fee=2000000&trade_type=JSAPI&key=bogleunionL18899765853bogleunion
[2016-12-15 10:56:03][debug] key:bogleunionL18899765853bogleunion
[2016-12-15 10:56:03][debug] string:appid=wxf53ced15df6d9c63&mch_id=1325297401&nonce_str=bY60dVbZuYVhomw0&prepay_id=wx20161215105603080e5a5f5c0531204387&result_code=SUCCESS&return_code=SUCCESS&return_msg=OK&trade_type=JSAPI&key=bogleunionL18899765853bogleunion
[2016-12-15 10:56:03][debug] key:bogleunionL18899765853bogleunion
[2016-12-15 10:56:03][debug] string:appId=wxf53ced15df6d9c63&nonceStr=cul28et3ri8a1l59eq0aqjgosr95xihq&package=prepay_id=wx20161215105603080e5a5f5c0531204387&signType=MD5&timeStamp=1481770563&key=bogleunionL18899765853bogleunion
[2016-12-15 10:56:03][debug] key:bogleunionL18899765853bogleunion
[2016-12-15 12:00:04][debug] string:appid=wxf53ced15df6d9c63&attach=1&body=股权帮&mch_id=1325297401&nonce_str=7388ax9rl51jznkpntuia1qwg65lfub0&notify_url=http://cs.bogleunion.com/api.php/PayNotify/webchatpay_notify.html&openid=oBZpmxPaUzoivEcgvr-kM0T14ukM&out_trade_no=2016121552491001&spbill_create_ip=114.249.223.162&time_expire=20161215121004&time_start=20161215120004&total_fee=2000000&trade_type=JSAPI&key=bogleunionL18899765853bogleunion
[2016-12-15 12:00:04][debug] key:bogleunionL18899765853bogleunion
[2016-12-15 12:00:06][debug] string:appid=wxf53ced15df6d9c63&mch_id=1325297401&nonce_str=aFE0qNdExozIlGns&prepay_id=wx20161215120006aaea6728db0930622400&result_code=SUCCESS&return_code=SUCCESS&return_msg=OK&trade_type=JSAPI&key=bogleunionL18899765853bogleunion
[2016-12-15 12:00:06][debug] key:bogleunionL18899765853bogleunion
[2016-12-15 12:00:06][debug] string:appId=wxf53ced15df6d9c63&nonceStr=otu611rkfu2a9j6eh64lpqbq5rkljo6x&package=prepay_id=wx20161215120006aaea6728db0930622400&signType=MD5&timeStamp=1481774406&key=bogleunionL18899765853bogleunion
[2016-12-15 12:00:06][debug] key:bogleunionL18899765853bogleunion
[2016-12-15 16:05:34][debug] string:appid=wxf53ced15df6d9c63&attach=1&body=股权帮&mch_id=1325297401&nonce_str=7wr9uzzvbkraq3q1i8iljsfsmy3v0gda&notify_url=http://cs.bogleunion.com/api.php/PayNotify/webchatpay_notify.html&openid=oBZpmxPIdAguCCQeKOwHk2vMPvW8&out_trade_no=2016112655505648&spbill_create_ip=101.226.68.141&time_expire=20161215161534&time_start=20161215160534&total_fee=1000000&trade_type=JSAPI&key=bogleunionL18899765853bogleunion
[2016-12-15 16:05:34][debug] key:bogleunionL18899765853bogleunion
[2016-12-15 16:05:36][debug] string:appid=wxf53ced15df6d9c63&mch_id=1325297401&nonce_str=YMVULOH2tHaXiqhS&prepay_id=wx20161215160536c12139a5640323590796&result_code=SUCCESS&return_code=SUCCESS&return_msg=OK&trade_type=JSAPI&key=bogleunionL18899765853bogleunion
[2016-12-15 16:05:36][debug] key:bogleunionL18899765853bogleunion
[2016-12-15 16:05:36][debug] string:appId=wxf53ced15df6d9c63&nonceStr=kcymjcjr8ypx9q1kpsiy76ae9ad39yzq&package=prepay_id=wx20161215160536c12139a5640323590796&signType=MD5&timeStamp=1481789136&key=bogleunionL18899765853bogleunion
[2016-12-15 16:05:36][debug] key:bogleunionL18899765853bogleunion
[2016-12-15 19:28:30][debug] string:appid=wxf53ced15df6d9c63&attach=1&body=股权帮&mch_id=1325297401&nonce_str=f5g6o0rprzvtyi1xhvnvx3s2ejc0vsw8&notify_url=http://cs.bogleunion.com/api.php/PayNotify/webchatpay_notify.html&openid=oBZpmxGUea2_n9pHI0QM_z8OQUZg&out_trade_no=2016121510098514&spbill_create_ip=123.151.42.49&time_expire=20161215193830&time_start=20161215192830&total_fee=2000000&trade_type=JSAPI&key=bogleunionL18899765853bogleunion
[2016-12-15 19:28:30][debug] key:bogleunionL18899765853bogleunion
[2016-12-15 19:28:32][debug] string:appid=wxf53ced15df6d9c63&mch_id=1325297401&nonce_str=EGBMtu0XYwuDbAZG&prepay_id=wx201612151928324aa613abd20815439384&result_code=SUCCESS&return_code=SUCCESS&return_msg=OK&trade_type=JSAPI&key=bogleunionL18899765853bogleunion
[2016-12-15 19:28:32][debug] key:bogleunionL18899765853bogleunion
[2016-12-15 19:28:32][debug] string:appId=wxf53ced15df6d9c63&nonceStr=xge27nyr7vbmjise0ipef8fbm0qzhwr3&package=prepay_id=wx201612151928324aa613abd20815439384&signType=MD5&timeStamp=1481801312&key=bogleunionL18899765853bogleunion
[2016-12-15 19:28:32][debug] key:bogleunionL18899765853bogleunion
[2016-12-15 19:35:47][debug] string:appid=wxf53ced15df6d9c63&attach=1&body=股权帮&mch_id=1325297401&nonce_str=d95wumvasqvdig44j1tgho6urgcftbl3&notify_url=http://cs.bogleunion.com/api.php/PayNotify/webchatpay_notify.html&openid=oBZpmxDU5UPqvXCQFqEk2vzCj4A0&out_trade_no=2016121550549810&spbill_create_ip=124.65.129.22&time_expire=20161215194547&time_start=20161215193547&total_fee=2000000&trade_type=JSAPI&key=bogleunionL18899765853bogleunion
[2016-12-15 19:35:47][debug] key:bogleunionL18899765853bogleunion
[2016-12-15 19:35:48][debug] string:appid=wxf53ced15df6d9c63&mch_id=1325297401&nonce_str=BMHS9aHLnyl0G6im&prepay_id=wx2016121519354870f893fba30121759117&result_code=SUCCESS&return_code=SUCCESS&return_msg=OK&trade_type=JSAPI&key=bogleunionL18899765853bogleunion
[2016-12-15 19:35:48][debug] key:bogleunionL18899765853bogleunion
[2016-12-15 19:35:48][debug] string:appId=wxf53ced15df6d9c63&nonceStr=be8mrbp34bsgnp3mienoxvcczxu30b7w&package=prepay_id=wx2016121519354870f893fba30121759117&signType=MD5&timeStamp=1481801748&key=bogleunionL18899765853bogleunion
[2016-12-15 19:35:48][debug] key:bogleunionL18899765853bogleunion
[2016-12-15 20:20:11][debug] string:appid=wxf53ced15df6d9c63&attach=1&body=股权帮&mch_id=1325297401&nonce_str=aeyzrkisij6f3cf07m5mq7n5poteo7mp&notify_url=http://cs.bogleunion.com/api.php/PayNotify/webchatpay_notify.html&openid=oBZpmxGUea2_n9pHI0QM_z8OQUZg&out_trade_no=2016121598489749&spbill_create_ip=123.151.42.49&time_expire=20161215203011&time_start=20161215202011&total_fee=380000&trade_type=JSAPI&key=bogleunionL18899765853bogleunion
[2016-12-15 20:20:11][debug] key:bogleunionL18899765853bogleunion
[2016-12-15 20:20:12][debug] string:appid=wxf53ced15df6d9c63&mch_id=1325297401&nonce_str=slgxZ0ECJ2qdIV07&prepay_id=wx201612152020126e2ceb56cb0093749789&result_code=SUCCESS&return_code=SUCCESS&return_msg=OK&trade_type=JSAPI&key=bogleunionL18899765853bogleunion
[2016-12-15 20:20:12][debug] key:bogleunionL18899765853bogleunion
[2016-12-15 20:20:12][debug] string:appId=wxf53ced15df6d9c63&nonceStr=fef5ya0ol8pceun9qzsn9getm24fj6lh&package=prepay_id=wx201612152020126e2ceb56cb0093749789&signType=MD5&timeStamp=1481804412&key=bogleunionL18899765853bogleunion
[2016-12-15 20:20:12][debug] key:bogleunionL18899765853bogleunion
