[2016-12-29 11:44:53][debug] string:appid=wxf53ced15df6d9c63&attach=1&body=股权帮&mch_id=1325297401&nonce_str=h2apnmuymny0i2vwurphub7tbx96c4u1&notify_url=http://cs.bogleunion.com/api.php/PayNotify/webchatpay_notify.html&openid=oBZpmxNrpy_rhhxxRBf2sd2IQ6SE&out_trade_no=2016122952555710&spbill_create_ip=101.226.102.80&time_expire=20161229115453&time_start=20161229114453&total_fee=380000&trade_type=JSAPI&key=bogleunionL18899765853bogleunion
[2016-12-29 11:44:53][debug] key:bogleunionL18899765853bogleunion
[2016-12-29 11:44:55][debug] string:appid=wxf53ced15df6d9c63&mch_id=1325297401&nonce_str=IupVBQQNoQ1smP1a&prepay_id=wx20161229114455c826f2f3f70432785355&result_code=SUCCESS&return_code=SUCCESS&return_msg=OK&trade_type=JSAPI&key=bogleunionL18899765853bogleunion
[2016-12-29 11:44:55][debug] key:bogleunionL18899765853bogleunion
[2016-12-29 11:44:55][debug] string:appId=wxf53ced15df6d9c63&nonceStr=6igfdmbxkmh75i87dqdzoqia5hc23i1t&package=prepay_id=wx20161229114455c826f2f3f70432785355&signType=MD5&timeStamp=1482983095&key=bogleunionL18899765853bogleunion
[2016-12-29 11:44:55][debug] key:bogleunionL18899765853bogleunion
[2016-12-29 11:45:37][debug] string:appid=wxf53ced15df6d9c63&attach=1&body=股权帮&mch_id=1325297401&nonce_str=ehycm0ufg5kqxy4wlz2y8ztevtmi1z5z&notify_url=http://cs.bogleunion.com/api.php/PayNotify/webchatpay_notify.html&openid=oBZpmxNrpy_rhhxxRBf2sd2IQ6SE&out_trade_no=2016122653575010&spbill_create_ip=101.226.102.80&time_expire=20161229115537&time_start=20161229114537&total_fee=380000&trade_type=JSAPI&key=bogleunionL18899765853bogleunion
[2016-12-29 11:45:37][debug] key:bogleunionL18899765853bogleunion
[2016-12-29 11:45:37][debug] string:appid=wxf53ced15df6d9c63&mch_id=1325297401&nonce_str=PVDy9rXTGkrR8kau&prepay_id=wx201612291145379e42b6a1f20684593473&result_code=SUCCESS&return_code=SUCCESS&return_msg=OK&trade_type=JSAPI&key=bogleunionL18899765853bogleunion
[2016-12-29 11:45:37][debug] key:bogleunionL18899765853bogleunion
[2016-12-29 11:45:37][debug] string:appId=wxf53ced15df6d9c63&nonceStr=a7c5965iy63iiemdfp4zsgbled2x8lmx&package=prepay_id=wx201612291145379e42b6a1f20684593473&signType=MD5&timeStamp=1482983137&key=bogleunionL18899765853bogleunion
[2016-12-29 11:45:37][debug] key:bogleunionL18899765853bogleunion
[2016-12-29 15:15:45][debug] string:appid=wxf53ced15df6d9c63&attach=1&body=股权帮&mch_id=1325297401&nonce_str=0nfy91lb52gw2uw617vj5jnin8n1kn96&notify_url=http://cs.bogleunion.com/api.php/PayNotify/webchatpay_notify.html&openid=oBZpmxNrpy_rhhxxRBf2sd2IQ6SE&out_trade_no=2016122910298569&spbill_create_ip=140.207.55.79&time_expire=20161229152545&time_start=20161229151545&total_fee=380000&trade_type=JSAPI&key=bogleunionL18899765853bogleunion
[2016-12-29 15:15:45][debug] key:bogleunionL18899765853bogleunion
[2016-12-29 15:15:46][debug] string:appid=wxf53ced15df6d9c63&mch_id=1325297401&nonce_str=4Lt2fblqiVAGsU4e&prepay_id=wx20161229151546faf1a4e8170892830062&result_code=SUCCESS&return_code=SUCCESS&return_msg=OK&trade_type=JSAPI&key=bogleunionL18899765853bogleunion
[2016-12-29 15:15:46][debug] key:bogleunionL18899765853bogleunion
[2016-12-29 15:15:46][debug] string:appId=wxf53ced15df6d9c63&nonceStr=wb3pyirbo2j0iqxjdf8uf9vfdcajem6p&package=prepay_id=wx20161229151546faf1a4e8170892830062&signType=MD5&timeStamp=1482995746&key=bogleunionL18899765853bogleunion
[2016-12-29 15:15:46][debug] key:bogleunionL18899765853bogleunion
[2016-12-29 15:22:37][debug] string:appid=wxf53ced15df6d9c63&attach=1&body=股权帮&mch_id=1325297401&nonce_str=inyu60ukhvoqzkvtvyurmixye2gxqxqk&notify_url=http://cs.bogleunion.com/api.php/PayNotify/webchatpay_notify.html&openid=oBZpmxNrpy_rhhxxRBf2sd2IQ6SE&out_trade_no=2016122910053484&spbill_create_ip=140.207.55.79&time_expire=20161229153237&time_start=20161229152237&total_fee=380000&trade_type=JSAPI&key=bogleunionL18899765853bogleunion
[2016-12-29 15:22:37][debug] key:bogleunionL18899765853bogleunion
[2016-12-29 15:22:38][debug] string:appid=wxf53ced15df6d9c63&mch_id=1325297401&nonce_str=Jd2qf3Y7TkLHNK0p&prepay_id=wx201612291522380c8649ced60555183740&result_code=SUCCESS&return_code=SUCCESS&return_msg=OK&trade_type=JSAPI&key=bogleunionL18899765853bogleunion
[2016-12-29 15:22:38][debug] key:bogleunionL18899765853bogleunion
[2016-12-29 15:22:38][debug] string:appId=wxf53ced15df6d9c63&nonceStr=glfgb00fdbsoxybcrxvzfvl4hof5eeun&package=prepay_id=wx201612291522380c8649ced60555183740&signType=MD5&timeStamp=1482996158&key=bogleunionL18899765853bogleunion
[2016-12-29 15:22:38][debug] key:bogleunionL18899765853bogleunion
[2016-12-29 15:26:06][debug] string:appid=wxf53ced15df6d9c63&attach=1&body=股权帮&mch_id=1325297401&nonce_str=eim2obc6dlxmhgz88xi8d0jovlw3q7gz&notify_url=http://cs.bogleunion.com/api.php/PayNotify/webchatpay_notify.html&openid=oBZpmxNrpy_rhhxxRBf2sd2IQ6SE&out_trade_no=2016122910048979&spbill_create_ip=101.226.102.80&time_expire=20161229153606&time_start=20161229152606&total_fee=380000&trade_type=JSAPI&key=bogleunionL18899765853bogleunion
[2016-12-29 15:26:06][debug] key:bogleunionL18899765853bogleunion
[2016-12-29 15:26:08][debug] string:appid=wxf53ced15df6d9c63&mch_id=1325297401&nonce_str=8IuudrCNULYKlXJz&prepay_id=wx2016122915260861323961630555935415&result_code=SUCCESS&return_code=SUCCESS&return_msg=OK&trade_type=JSAPI&key=bogleunionL18899765853bogleunion
[2016-12-29 15:26:08][debug] key:bogleunionL18899765853bogleunion
[2016-12-29 15:26:08][debug] string:appId=wxf53ced15df6d9c63&nonceStr=acsjeyfqa6ms2lwrxwcr5i3j2vwbjrwp&package=prepay_id=wx2016122915260861323961630555935415&signType=MD5&timeStamp=1482996368&key=bogleunionL18899765853bogleunion
[2016-12-29 15:26:08][debug] key:bogleunionL18899765853bogleunion
[2016-12-29 15:46:35][debug] string:appid=wxf53ced15df6d9c63&attach=1&body=股权帮&mch_id=1325297401&nonce_str=pjhlo8wr5ifdkzl6cnyvhpp3bad7h08y&notify_url=http://cs.bogleunion.com/api.php/PayNotify/webchatpay_notify.html&openid=oBZpmxAyO-bfTLADG1-RbPPNW7dE&out_trade_no=2016122997579897&spbill_create_ip=140.207.62.210&time_expire=20161229155635&time_start=20161229154635&total_fee=380000&trade_type=JSAPI&key=bogleunionL18899765853bogleunion
[2016-12-29 15:46:35][debug] key:bogleunionL18899765853bogleunion
[2016-12-29 15:46:36][debug] string:appid=wxf53ced15df6d9c63&mch_id=1325297401&nonce_str=2SJ69fmkJ10KtR5n&prepay_id=wx2016122915463609893998730804478498&result_code=SUCCESS&return_code=SUCCESS&return_msg=OK&trade_type=JSAPI&key=bogleunionL18899765853bogleunion
[2016-12-29 15:46:36][debug] key:bogleunionL18899765853bogleunion
[2016-12-29 15:46:36][debug] string:appId=wxf53ced15df6d9c63&nonceStr=qmr3fq9u5ks11t1j1ohv7ryi7hkvajm2&package=prepay_id=wx2016122915463609893998730804478498&signType=MD5&timeStamp=1482997596&key=bogleunionL18899765853bogleunion
[2016-12-29 15:46:36][debug] key:bogleunionL18899765853bogleunion
[2016-12-29 16:50:11][debug] string:appid=wxf53ced15df6d9c63&attach=1&body=股权帮&mch_id=1325297401&nonce_str=kikcu6uc0t9ppxpzefbjxnf8p4zx2wd2&notify_url=http://cs.bogleunion.com/api.php/PayNotify/webchatpay_notify.html&openid=oBZpmxNrpy_rhhxxRBf2sd2IQ6SE&out_trade_no=2016122950574856&spbill_create_ip=101.226.102.80&time_expire=20161229170011&time_start=20161229165011&total_fee=380000&trade_type=JSAPI&key=bogleunionL18899765853bogleunion
[2016-12-29 16:50:11][debug] key:bogleunionL18899765853bogleunion
[2016-12-29 16:50:11][debug] string:appid=wxf53ced15df6d9c63&mch_id=1325297401&nonce_str=umwtI0uk1tkZrvdv&prepay_id=wx20161229165011b7e3363bcc0785483806&result_code=SUCCESS&return_code=SUCCESS&return_msg=OK&trade_type=JSAPI&key=bogleunionL18899765853bogleunion
[2016-12-29 16:50:11][debug] key:bogleunionL18899765853bogleunion
[2016-12-29 16:50:11][debug] string:appId=wxf53ced15df6d9c63&nonceStr=i4ookj2cdfcl1bgcucnn8x8i8ipxoyir&package=prepay_id=wx20161229165011b7e3363bcc0785483806&signType=MD5&timeStamp=1483001411&key=bogleunionL18899765853bogleunion
[2016-12-29 16:50:11][debug] key:bogleunionL18899765853bogleunion
