[2016-12-28 09:59:57][debug] string:appid=wxf53ced15df6d9c63&attach=1&body=股权帮&mch_id=1325297401&nonce_str=hw8svt1g5u975uz94g1wl778ozkfelh6&notify_url=http://cs.bogleunion.com/api.php/PayNotify/webchatpay_notify.html&openid=oBZpmxNrpy_rhhxxRBf2sd2IQ6SE&out_trade_no=2016122810048535&spbill_create_ip=101.226.102.80&time_expire=20161228100957&time_start=20161228095957&total_fee=380000&trade_type=JSAPI&key=bogleunionL18899765853bogleunion
[2016-12-28 09:59:57][debug] key:bogleunionL18899765853bogleunion
[2016-12-28 10:00:05][debug] string:appid=wxf53ced15df6d9c63&attach=1&body=股权帮&mch_id=1325297401&nonce_str=aokx0hpkpbf5gii5ixrznb1aik44r5jp&notify_url=http://cs.bogleunion.com/api.php/PayNotify/webchatpay_notify.html&openid=oBZpmxNrpy_rhhxxRBf2sd2IQ6SE&out_trade_no=2016122852575210&spbill_create_ip=101.226.102.80&time_expire=20161228101005&time_start=20161228100005&total_fee=380000&trade_type=JSAPI&key=bogleunionL18899765853bogleunion
[2016-12-28 10:00:05][debug] key:bogleunionL18899765853bogleunion
[2016-12-28 10:00:07][debug] string:appid=wxf53ced15df6d9c63&mch_id=1325297401&nonce_str=XcFQj7U26Hv1MRKv&prepay_id=wx2016122810000796c4aa62800777319370&result_code=SUCCESS&return_code=SUCCESS&return_msg=OK&trade_type=JSAPI&key=bogleunionL18899765853bogleunion
[2016-12-28 10:00:07][debug] key:bogleunionL18899765853bogleunion
[2016-12-28 10:00:07][debug] string:appId=wxf53ced15df6d9c63&nonceStr=f608lhpw4e4yjn24v8t467dia155waly&package=prepay_id=wx2016122810000796c4aa62800777319370&signType=MD5&timeStamp=1482890407&key=bogleunionL18899765853bogleunion
[2016-12-28 10:00:07][debug] key:bogleunionL18899765853bogleunion
[2016-12-28 10:00:07][debug] string:appid=wxf53ced15df6d9c63&attach=1&body=股权帮&mch_id=1325297401&nonce_str=qmxmhzg5kivqcs2ezp6dvx2j3ut5v0r8&notify_url=http://cs.bogleunion.com/api.php/PayNotify/webchatpay_notify.html&openid=oBZpmxNrpy_rhhxxRBf2sd2IQ6SE&out_trade_no=2016122852579798&spbill_create_ip=101.226.102.80&time_expire=20161228101007&time_start=20161228100007&total_fee=380000&trade_type=JSAPI&key=bogleunionL18899765853bogleunion
[2016-12-28 10:00:07][debug] key:bogleunionL18899765853bogleunion
[2016-12-28 10:00:07][debug] string:appid=wxf53ced15df6d9c63&mch_id=1325297401&nonce_str=eHzbXyIufyFVXhxa&prepay_id=wx2016122810000796c4aa62800616270786&result_code=SUCCESS&return_code=SUCCESS&return_msg=OK&trade_type=JSAPI&key=bogleunionL18899765853bogleunion
[2016-12-28 10:00:07][debug] key:bogleunionL18899765853bogleunion
[2016-12-28 10:00:07][debug] string:appId=wxf53ced15df6d9c63&nonceStr=5j9ipf29842argrw1d4z6j7lu2aoxgeg&package=prepay_id=wx2016122810000796c4aa62800616270786&signType=MD5&timeStamp=1482890407&key=bogleunionL18899765853bogleunion
[2016-12-28 10:00:07][debug] key:bogleunionL18899765853bogleunion
[2016-12-28 10:00:07][debug] string:appid=wxf53ced15df6d9c63&attach=1&body=股权帮&mch_id=1325297401&nonce_str=hyv2my8xjgis4eqwwgniijckf53q7xir&notify_url=http://cs.bogleunion.com/api.php/PayNotify/webchatpay_notify.html&openid=oBZpmxNrpy_rhhxxRBf2sd2IQ6SE&out_trade_no=2016122852579798&spbill_create_ip=101.226.102.80&time_expire=20161228101007&time_start=20161228100007&total_fee=380000&trade_type=JSAPI&key=bogleunionL18899765853bogleunion
[2016-12-28 10:00:07][debug] key:bogleunionL18899765853bogleunion
[2016-12-28 10:00:07][debug] string:appid=wxf53ced15df6d9c63&mch_id=1325297401&nonce_str=r7YtxbOsZsa6wPog&prepay_id=wx2016122810000796c4aa62800936680139&result_code=SUCCESS&return_code=SUCCESS&return_msg=OK&trade_type=JSAPI&key=bogleunionL18899765853bogleunion
[2016-12-28 10:00:07][debug] key:bogleunionL18899765853bogleunion
[2016-12-28 10:00:07][debug] string:appId=wxf53ced15df6d9c63&nonceStr=vnpnb3d3pl2i2jidwmvw6ujegln8pa7z&package=prepay_id=wx2016122810000796c4aa62800936680139&signType=MD5&timeStamp=1482890407&key=bogleunionL18899765853bogleunion
[2016-12-28 10:00:07][debug] key:bogleunionL18899765853bogleunion
[2016-12-28 10:00:29][debug] string:appid=wxf53ced15df6d9c63&attach=1&body=股权帮&mch_id=1325297401&nonce_str=m8d2ob67pjh80taw0eed2d1pw9nyuiwo&notify_url=http://cs.bogleunion.com/api.php/PayNotify/webchatpay_notify.html&openid=oBZpmxNrpy_rhhxxRBf2sd2IQ6SE&out_trade_no=2016122653575010&spbill_create_ip=101.226.102.80&time_expire=20161228101029&time_start=20161228100029&total_fee=380000&trade_type=JSAPI&key=bogleunionL18899765853bogleunion
[2016-12-28 10:00:29][debug] key:bogleunionL18899765853bogleunion
[2016-12-28 10:00:30][debug] string:appid=wxf53ced15df6d9c63&mch_id=1325297401&nonce_str=wh6kHZBf309CY3nE&prepay_id=wx2016122810003008ab98158c0844438969&result_code=SUCCESS&return_code=SUCCESS&return_msg=OK&trade_type=JSAPI&key=bogleunionL18899765853bogleunion
[2016-12-28 10:00:30][debug] key:bogleunionL18899765853bogleunion
[2016-12-28 10:00:30][debug] string:appId=wxf53ced15df6d9c63&nonceStr=05bahk9uyaxg36yovzl4u7aa1bvmwhyd&package=prepay_id=wx2016122810003008ab98158c0844438969&signType=MD5&timeStamp=1482890430&key=bogleunionL18899765853bogleunion
[2016-12-28 10:00:30][debug] key:bogleunionL18899765853bogleunion
[2016-12-28 10:01:22][debug] string:appid=wxf53ced15df6d9c63&attach=1&body=股权帮&mch_id=1325297401&nonce_str=8l5u98lfvoa0i67xetzs1q6vzv6e7kva&notify_url=http://cs.bogleunion.com/api.php/PayNotify/webchatpay_notify.html&openid=oBZpmxNrpy_rhhxxRBf2sd2IQ6SE&out_trade_no=2016122850541005&spbill_create_ip=101.226.102.80&time_expire=20161228101122&time_start=20161228100122&total_fee=380000&trade_type=JSAPI&key=bogleunionL18899765853bogleunion
[2016-12-28 10:01:22][debug] key:bogleunionL18899765853bogleunion
[2016-12-28 10:01:23][debug] string:appid=wxf53ced15df6d9c63&mch_id=1325297401&nonce_str=zxYkQ3PzpRMjAPuq&prepay_id=wx201612281001236d7cbcabd60804250147&result_code=SUCCESS&return_code=SUCCESS&return_msg=OK&trade_type=JSAPI&key=bogleunionL18899765853bogleunion
[2016-12-28 10:01:23][debug] key:bogleunionL18899765853bogleunion
[2016-12-28 10:01:23][debug] string:appId=wxf53ced15df6d9c63&nonceStr=9ambk55dkbyjkm21jbv2z5nmwitb17mc&package=prepay_id=wx201612281001236d7cbcabd60804250147&signType=MD5&timeStamp=1482890483&key=bogleunionL18899765853bogleunion
[2016-12-28 10:01:23][debug] key:bogleunionL18899765853bogleunion
[2016-12-28 11:19:05][debug] string:appid=wxf53ced15df6d9c63&attach=1&body=股权帮&mch_id=1325297401&nonce_str=c5wcy3hjfdskph1qzslp91iswy48dnvb&notify_url=http://cs.bogleunion.com/api.php/PayNotify/webchatpay_notify.html&openid=oBZpmxNrpy_rhhxxRBf2sd2IQ6SE&out_trade_no=2016122856100515&spbill_create_ip=101.226.102.80&time_expire=20161228112905&time_start=20161228111905&total_fee=380000&trade_type=JSAPI&key=bogleunionL18899765853bogleunion
[2016-12-28 11:19:05][debug] key:bogleunionL18899765853bogleunion
[2016-12-28 11:19:07][debug] string:appid=wxf53ced15df6d9c63&mch_id=1325297401&nonce_str=LaO2qZIZM9aiRZEf&prepay_id=wx201612281119077591af92430801132317&result_code=SUCCESS&return_code=SUCCESS&return_msg=OK&trade_type=JSAPI&key=bogleunionL18899765853bogleunion
[2016-12-28 11:19:07][debug] key:bogleunionL18899765853bogleunion
[2016-12-28 11:19:07][debug] string:appId=wxf53ced15df6d9c63&nonceStr=dl4ykm3hjqwco643at9r1hxd5y2oqxsd&package=prepay_id=wx201612281119077591af92430801132317&signType=MD5&timeStamp=1482895147&key=bogleunionL18899765853bogleunion
[2016-12-28 11:19:07][debug] key:bogleunionL18899765853bogleunion
[2016-12-28 11:27:38][debug] string:appid=wxf53ced15df6d9c63&attach=1&body=股权帮&mch_id=1325297401&nonce_str=n4rnapbnl9hy52b4ilhuxnejjlakpdmg&notify_url=http://cs.bogleunion.com/api.php/PayNotify/webchatpay_notify.html&openid=oBZpmxNrpy_rhhxxRBf2sd2IQ6SE&out_trade_no=2016122653575010&spbill_create_ip=101.226.102.80&time_expire=20161228113738&time_start=20161228112738&total_fee=380000&trade_type=JSAPI&key=bogleunionL18899765853bogleunion
[2016-12-28 11:27:38][debug] key:bogleunionL18899765853bogleunion
[2016-12-28 11:27:46][debug] string:appid=wxf53ced15df6d9c63&attach=1&body=股权帮&mch_id=1325297401&nonce_str=jqmi6lvj8pyfde44wadb3xa5smdax7vj&notify_url=http://cs.bogleunion.com/api.php/PayNotify/webchatpay_notify.html&openid=oBZpmxNrpy_rhhxxRBf2sd2IQ6SE&out_trade_no=2016122653575010&spbill_create_ip=101.226.102.80&time_expire=20161228113746&time_start=20161228112746&total_fee=380000&trade_type=JSAPI&key=bogleunionL18899765853bogleunion
[2016-12-28 11:27:46][debug] key:bogleunionL18899765853bogleunion
[2016-12-28 11:28:04][debug] string:appid=wxf53ced15df6d9c63&attach=1&body=股权帮&mch_id=1325297401&nonce_str=yoo48hepjnw5zqeazrx5onjeqabfpv8p&notify_url=http://cs.bogleunion.com/api.php/PayNotify/webchatpay_notify.html&openid=oBZpmxNrpy_rhhxxRBf2sd2IQ6SE&out_trade_no=2016122851995598&spbill_create_ip=101.226.102.80&time_expire=20161228113804&time_start=20161228112804&total_fee=380000&trade_type=JSAPI&key=bogleunionL18899765853bogleunion
[2016-12-28 11:28:04][debug] key:bogleunionL18899765853bogleunion
[2016-12-28 11:28:08][debug] string:appid=wxf53ced15df6d9c63&mch_id=1325297401&nonce_str=jblGWWHI27YY2wkq&prepay_id=wx2016122811280828a65628a80954502443&result_code=SUCCESS&return_code=SUCCESS&return_msg=OK&trade_type=JSAPI&key=bogleunionL18899765853bogleunion
[2016-12-28 11:28:08][debug] key:bogleunionL18899765853bogleunion
[2016-12-28 11:28:08][debug] string:appId=wxf53ced15df6d9c63&nonceStr=rf2v3fwbd17c0wkhawixwsr0nbkggkm5&package=prepay_id=wx2016122811280828a65628a80954502443&signType=MD5&timeStamp=1482895688&key=bogleunionL18899765853bogleunion
[2016-12-28 11:28:08][debug] key:bogleunionL18899765853bogleunion
[2016-12-28 14:10:13][debug] string:appid=wxf53ced15df6d9c63&attach=1&body=股权帮&mch_id=1325297401&nonce_str=8rxgp1jq61g8fsopfotwz35jagrs7k9a&notify_url=http://cs.bogleunion.com/api.php/PayNotify/webchatpay_notify.html&openid=oBZpmxGUjeu3o1_Xwaam_RBQEhS4&out_trade_no=2016122853505110&spbill_create_ip=14.127.230.72&time_expire=20161228142013&time_start=20161228141013&total_fee=2000000&trade_type=JSAPI&key=bogleunionL18899765853bogleunion
[2016-12-28 14:10:13][debug] key:bogleunionL18899765853bogleunion
[2016-12-28 14:10:15][debug] string:appid=wxf53ced15df6d9c63&mch_id=1325297401&nonce_str=2pyXmi7yujIQRDox&prepay_id=wx2016122814101576a1fa60770417195575&result_code=SUCCESS&return_code=SUCCESS&return_msg=OK&trade_type=JSAPI&key=bogleunionL18899765853bogleunion
[2016-12-28 14:10:15][debug] key:bogleunionL18899765853bogleunion
[2016-12-28 14:10:15][debug] string:appId=wxf53ced15df6d9c63&nonceStr=tih3dx0c7rwld5p917wq91pdnft58w8r&package=prepay_id=wx2016122814101576a1fa60770417195575&signType=MD5&timeStamp=1482905415&key=bogleunionL18899765853bogleunion
[2016-12-28 14:10:15][debug] key:bogleunionL18899765853bogleunion
[2016-12-28 14:41:35][debug] string:appid=wxf53ced15df6d9c63&attach=1&body=股权帮&mch_id=1325297401&nonce_str=1qx10x1fuvdzt1675pdsoim8yyn1ndxz&notify_url=http://cs.bogleunion.com/api.php/PayNotify/webchatpay_notify.html&openid=oBZpmxNrpy_rhhxxRBf2sd2IQ6SE&out_trade_no=2016122810254481&spbill_create_ip=101.226.102.80&time_expire=20161228145135&time_start=20161228144135&total_fee=380000&trade_type=JSAPI&key=bogleunionL18899765853bogleunion
[2016-12-28 14:41:35][debug] key:bogleunionL18899765853bogleunion
[2016-12-28 14:41:41][debug] string:appid=wxf53ced15df6d9c63&mch_id=1325297401&nonce_str=WXYv2zp2ByrlWj0I&prepay_id=wx20161228144141c2fac99a000208308797&result_code=SUCCESS&return_code=SUCCESS&return_msg=OK&trade_type=JSAPI&key=bogleunionL18899765853bogleunion
[2016-12-28 14:41:41][debug] key:bogleunionL18899765853bogleunion
[2016-12-28 14:41:41][debug] string:appId=wxf53ced15df6d9c63&nonceStr=njaa122o69l4lbm1wwryxv8dc9hqzih1&package=prepay_id=wx20161228144141c2fac99a000208308797&signType=MD5&timeStamp=1482907301&key=bogleunionL18899765853bogleunion
[2016-12-28 14:41:41][debug] key:bogleunionL18899765853bogleunion
[2016-12-28 14:41:54][debug] string:appid=wxf53ced15df6d9c63&attach=1&body=股权帮&mch_id=1325297401&nonce_str=7ukypoebag2e8ya50w6nspid26grzav1&notify_url=http://cs.bogleunion.com/api.php/PayNotify/webchatpay_notify.html&openid=oBZpmxNrpy_rhhxxRBf2sd2IQ6SE&out_trade_no=2016122653575010&spbill_create_ip=101.226.102.80&time_expire=20161228145154&time_start=20161228144154&total_fee=380000&trade_type=JSAPI&key=bogleunionL18899765853bogleunion
[2016-12-28 14:41:54][debug] key:bogleunionL18899765853bogleunion
[2016-12-28 14:41:54][debug] string:appid=wxf53ced15df6d9c63&mch_id=1325297401&nonce_str=28zzFF7J2CSrgoiy&prepay_id=wx2016122814415453e2cb9b030003444692&result_code=SUCCESS&return_code=SUCCESS&return_msg=OK&trade_type=JSAPI&key=bogleunionL18899765853bogleunion
[2016-12-28 14:41:54][debug] key:bogleunionL18899765853bogleunion
[2016-12-28 14:41:54][debug] string:appId=wxf53ced15df6d9c63&nonceStr=dvosady7lffq2dv1vddd3m39bcr95445&package=prepay_id=wx2016122814415453e2cb9b030003444692&signType=MD5&timeStamp=1482907314&key=bogleunionL18899765853bogleunion
[2016-12-28 14:41:54][debug] key:bogleunionL18899765853bogleunion
[2016-12-28 15:43:36][debug] string:appid=wxf53ced15df6d9c63&attach=1&body=股权帮&mch_id=1325297401&nonce_str=y7mtxs0j93jlo0nxng98012zduqu2skm&notify_url=http://cs.bogleunion.com/api.php/PayNotify/webchatpay_notify.html&openid=oBZpmxNrpy_rhhxxRBf2sd2IQ6SE&out_trade_no=2016122653575010&spbill_create_ip=101.226.102.80&time_expire=20161228155336&time_start=20161228154336&total_fee=380000&trade_type=JSAPI&key=bogleunionL18899765853bogleunion
[2016-12-28 15:43:36][debug] key:bogleunionL18899765853bogleunion
[2016-12-28 15:43:38][debug] string:appid=wxf53ced15df6d9c63&mch_id=1325297401&nonce_str=nOMhROdyPYwLfwDX&prepay_id=wx20161228154338d4113dc0f90243757804&result_code=SUCCESS&return_code=SUCCESS&return_msg=OK&trade_type=JSAPI&key=bogleunionL18899765853bogleunion
[2016-12-28 15:43:38][debug] key:bogleunionL18899765853bogleunion
[2016-12-28 15:43:38][debug] string:appId=wxf53ced15df6d9c63&nonceStr=aa2x07p268rovr1ln1toqo3jm71kxvwx&package=prepay_id=wx20161228154338d4113dc0f90243757804&signType=MD5&timeStamp=1482911018&key=bogleunionL18899765853bogleunion
[2016-12-28 15:43:38][debug] key:bogleunionL18899765853bogleunion
[2016-12-28 15:43:50][debug] string:appid=wxf53ced15df6d9c63&attach=1&body=股权帮&mch_id=1325297401&nonce_str=2erpahx5el2s1auzhpkwqxglu94teehi&notify_url=http://cs.bogleunion.com/api.php/PayNotify/webchatpay_notify.html&openid=oBZpmxNrpy_rhhxxRBf2sd2IQ6SE&out_trade_no=2016122653575010&spbill_create_ip=101.226.102.80&time_expire=20161228155350&time_start=20161228154350&total_fee=380000&trade_type=JSAPI&key=bogleunionL18899765853bogleunion
[2016-12-28 15:43:50][debug] key:bogleunionL18899765853bogleunion
[2016-12-28 15:43:50][debug] string:appid=wxf53ced15df6d9c63&mch_id=1325297401&nonce_str=3eN2JhtSxYIsDbv8&prepay_id=wx20161228154351b42a6fc6a20412353271&result_code=SUCCESS&return_code=SUCCESS&return_msg=OK&trade_type=JSAPI&key=bogleunionL18899765853bogleunion
[2016-12-28 15:43:50][debug] key:bogleunionL18899765853bogleunion
[2016-12-28 15:43:50][debug] string:appId=wxf53ced15df6d9c63&nonceStr=hi8jai49s8cn1gsaq4aw7mpztgyio0p8&package=prepay_id=wx20161228154351b42a6fc6a20412353271&signType=MD5&timeStamp=1482911030&key=bogleunionL18899765853bogleunion
[2016-12-28 15:43:50][debug] key:bogleunionL18899765853bogleunion
[2016-12-28 17:59:03][debug] string:appid=wxf53ced15df6d9c63&attach=1&body=股权帮&mch_id=1325297401&nonce_str=bhwqp5x1jbntwufq5f5nli3zjzvbkgz8&notify_url=http://cs.bogleunion.com/api.php/PayNotify/webchatpay_notify.html&openid=oBZpmxNrpy_rhhxxRBf2sd2IQ6SE&out_trade_no=2016122854101559&spbill_create_ip=101.226.102.80&time_expire=20161228180903&time_start=20161228175903&total_fee=380000&trade_type=JSAPI&key=bogleunionL18899765853bogleunion
[2016-12-28 17:59:03][debug] key:bogleunionL18899765853bogleunion
[2016-12-28 17:59:05][debug] string:appid=wxf53ced15df6d9c63&mch_id=1325297401&nonce_str=9mjCVtusG9fKRfpz&prepay_id=wx201612281759052486edc7050357628654&result_code=SUCCESS&return_code=SUCCESS&return_msg=OK&trade_type=JSAPI&key=bogleunionL18899765853bogleunion
[2016-12-28 17:59:05][debug] key:bogleunionL18899765853bogleunion
[2016-12-28 17:59:05][debug] string:appId=wxf53ced15df6d9c63&nonceStr=mgiixuef4mmpghafffdnvrgh3ok1dnq5&package=prepay_id=wx201612281759052486edc7050357628654&signType=MD5&timeStamp=1482919145&key=bogleunionL18899765853bogleunion
[2016-12-28 17:59:05][debug] key:bogleunionL18899765853bogleunion
