[2016-12-13 10:47:48][debug] string:appid=wxf53ced15df6d9c63&attach=1&body=股权帮&mch_id=1325297401&nonce_str=43c99i21uj31gk6nkpg7spamrm3daf5n&notify_url=http://cs.bogleunion.com/api.php/PayNotify/webchatpay_notify.html&openid=oBZpmxK4MprrUQIhurqnvIBFTLx0&out_trade_no=2016121350102525&spbill_create_ip=101.226.125.14&time_expire=20161213105748&time_start=20161213104748&total_fee=1000000&trade_type=JSAPI&key=bogleunionL18899765853bogleunion
[2016-12-13 10:47:48][debug] key:bogleunionL18899765853bogleunion
[2016-12-13 10:47:49][debug] string:appid=wxf53ced15df6d9c63&mch_id=1325297401&nonce_str=DioGyfMSzOL3UVCg&prepay_id=wx201612131047494d8f4523ce0795696027&result_code=SUCCESS&return_code=SUCCESS&return_msg=OK&trade_type=JSAPI&key=bogleunionL18899765853bogleunion
[2016-12-13 10:47:49][debug] key:bogleunionL18899765853bogleunion
[2016-12-13 10:47:49][debug] string:appId=wxf53ced15df6d9c63&nonceStr=s9yo4t8ued9nzfpki4haezbfmklrjt6u&package=prepay_id=wx201612131047494d8f4523ce0795696027&signType=MD5&timeStamp=1481597269&key=bogleunionL18899765853bogleunion
[2016-12-13 10:47:49][debug] key:bogleunionL18899765853bogleunion
[2016-12-13 10:47:49][debug] string:appid=wxf53ced15df6d9c63&attach=1&body=股权帮&mch_id=1325297401&nonce_str=kodzgfa3d6ksxyyxjtxdcjs3b7adpc7e&notify_url=http://cs.bogleunion.com/api.php/PayNotify/webchatpay_notify.html&openid=oBZpmxK4MprrUQIhurqnvIBFTLx0&out_trade_no=2016121350102525&spbill_create_ip=101.226.125.14&time_expire=20161213105749&time_start=20161213104749&total_fee=1000000&trade_type=JSAPI&key=bogleunionL18899765853bogleunion
[2016-12-13 10:47:49][debug] key:bogleunionL18899765853bogleunion
[2016-12-13 10:47:50][debug] string:appid=wxf53ced15df6d9c63&mch_id=1325297401&nonce_str=KPN9u1rvubbtwS8u&prepay_id=wx201612131047506f5790a3890794381854&result_code=SUCCESS&return_code=SUCCESS&return_msg=OK&trade_type=JSAPI&key=bogleunionL18899765853bogleunion
[2016-12-13 10:47:50][debug] key:bogleunionL18899765853bogleunion
[2016-12-13 10:47:50][debug] string:appId=wxf53ced15df6d9c63&nonceStr=47x0lqofjxb6mszoeuxaacviswniqx8o&package=prepay_id=wx201612131047506f5790a3890794381854&signType=MD5&timeStamp=1481597270&key=bogleunionL18899765853bogleunion
[2016-12-13 10:47:50][debug] key:bogleunionL18899765853bogleunion
[2016-12-13 16:26:34][debug] string:appid=wxf53ced15df6d9c63&attach=1&body=股权帮&mch_id=1325297401&nonce_str=ocx4ev9qkb4reswiyswoyfxxuji683d4&notify_url=http://cs.bogleunion.com/api.php/PayNotify/webchatpay_notify.html&openid=oBZpmxIDCA5Mkn9fItmP6E_sdTmY&out_trade_no=2016121357991029&spbill_create_ip=123.151.42.47&time_expire=20161213163634&time_start=20161213162634&total_fee=380000&trade_type=JSAPI&key=bogleunionL18899765853bogleunion
[2016-12-13 16:26:34][debug] key:bogleunionL18899765853bogleunion
[2016-12-13 16:26:36][debug] string:appid=wxf53ced15df6d9c63&mch_id=1325297401&nonce_str=MVyX9P86qw682ltN&prepay_id=wx2016121316263649f700475a0497661785&result_code=SUCCESS&return_code=SUCCESS&return_msg=OK&trade_type=JSAPI&key=bogleunionL18899765853bogleunion
[2016-12-13 16:26:36][debug] key:bogleunionL18899765853bogleunion
[2016-12-13 16:26:36][debug] string:appId=wxf53ced15df6d9c63&nonceStr=3l221hnncl90rk22zk1v8l2mzk516a5c&package=prepay_id=wx2016121316263649f700475a0497661785&signType=MD5&timeStamp=1481617596&key=bogleunionL18899765853bogleunion
[2016-12-13 16:26:36][debug] key:bogleunionL18899765853bogleunion
[2016-12-13 16:26:54][debug] string:appid=wxf53ced15df6d9c63&attach=1&body=股权帮&mch_id=1325297401&nonce_str=d54kvrd80sy0ho97yp98de3w1yjkdlua&notify_url=http://cs.bogleunion.com/api.php/PayNotify/webchatpay_notify.html&openid=oBZpmxIDCA5Mkn9fItmP6E_sdTmY&out_trade_no=2016121310010155&spbill_create_ip=123.151.42.47&time_expire=20161213163654&time_start=20161213162654&total_fee=380000&trade_type=JSAPI&key=bogleunionL18899765853bogleunion
[2016-12-13 16:26:54][debug] key:bogleunionL18899765853bogleunion
[2016-12-13 16:26:55][debug] string:appid=wxf53ced15df6d9c63&mch_id=1325297401&nonce_str=QrvFGsIRXNVF8r8O&prepay_id=wx2016121316265531c7c6a4d40966597793&result_code=SUCCESS&return_code=SUCCESS&return_msg=OK&trade_type=JSAPI&key=bogleunionL18899765853bogleunion
[2016-12-13 16:26:55][debug] key:bogleunionL18899765853bogleunion
[2016-12-13 16:26:55][debug] string:appId=wxf53ced15df6d9c63&nonceStr=qch6a6f4tle81n3rumf63sxrx329tk59&package=prepay_id=wx2016121316265531c7c6a4d40966597793&signType=MD5&timeStamp=1481617615&key=bogleunionL18899765853bogleunion
[2016-12-13 16:26:55][debug] key:bogleunionL18899765853bogleunion
[2016-12-13 16:27:24][debug] string:appid=wxf53ced15df6d9c63&attach=1&body=股权帮&mch_id=1325297401&nonce_str=wq8q2idvlmxspuglb97xxqqor3y2sus4&notify_url=http://cs.bogleunion.com/api.php/PayNotify/webchatpay_notify.html&openid=oBZpmxIDCA5Mkn9fItmP6E_sdTmY&out_trade_no=2016121397551025&spbill_create_ip=123.151.42.47&time_expire=20161213163724&time_start=20161213162724&total_fee=380000&trade_type=JSAPI&key=bogleunionL18899765853bogleunion
[2016-12-13 16:27:24][debug] key:bogleunionL18899765853bogleunion
[2016-12-13 16:27:24][debug] string:appid=wxf53ced15df6d9c63&mch_id=1325297401&nonce_str=lR7mHdpaQSPURjQe&prepay_id=wx20161213162724230ad298780454538881&result_code=SUCCESS&return_code=SUCCESS&return_msg=OK&trade_type=JSAPI&key=bogleunionL18899765853bogleunion
[2016-12-13 16:27:24][debug] key:bogleunionL18899765853bogleunion
[2016-12-13 16:27:24][debug] string:appId=wxf53ced15df6d9c63&nonceStr=p6meuiaj4yvp2r7r53vslmd62im1ytsp&package=prepay_id=wx20161213162724230ad298780454538881&signType=MD5&timeStamp=1481617644&key=bogleunionL18899765853bogleunion
[2016-12-13 16:27:24][debug] key:bogleunionL18899765853bogleunion
[2016-12-13 16:28:05][debug] string:appid=wxf53ced15df6d9c63&attach=1&body=股权帮&mch_id=1325297401&nonce_str=vd3ms6cuzkv9ka9bp1cjcezwth4wgkqv&notify_url=http://cs.bogleunion.com/api.php/PayNotify/webchatpay_notify.html&openid=oBZpmxIDCA5Mkn9fItmP6E_sdTmY&out_trade_no=2016121352565756&spbill_create_ip=101.226.125.113&time_expire=20161213163805&time_start=20161213162805&total_fee=380000&trade_type=JSAPI&key=bogleunionL18899765853bogleunion
[2016-12-13 16:28:05][debug] key:bogleunionL18899765853bogleunion
[2016-12-13 16:28:05][debug] string:appid=wxf53ced15df6d9c63&mch_id=1325297401&nonce_str=15LTSVKYteWAGTSy&prepay_id=wx20161213162805ad688cf59b0763585896&result_code=SUCCESS&return_code=SUCCESS&return_msg=OK&trade_type=JSAPI&key=bogleunionL18899765853bogleunion
[2016-12-13 16:28:05][debug] key:bogleunionL18899765853bogleunion
[2016-12-13 16:28:05][debug] string:appId=wxf53ced15df6d9c63&nonceStr=ja6r21cwruk4o1a4zrvl368d5swn5tsj&package=prepay_id=wx20161213162805ad688cf59b0763585896&signType=MD5&timeStamp=1481617685&key=bogleunionL18899765853bogleunion
[2016-12-13 16:28:05][debug] key:bogleunionL18899765853bogleunion
[2016-12-13 16:31:06][debug] string:appid=wxf53ced15df6d9c63&attach=1&body=股权帮&mch_id=1325297401&nonce_str=djsmtxiag6rc4wajd2q71k2cz7lqzu0u&notify_url=http://cs.bogleunion.com/api.php/PayNotify/webchatpay_notify.html&openid=oBZpmxIDCA5Mkn9fItmP6E_sdTmY&out_trade_no=2016121357545255&spbill_create_ip=123.151.42.47&time_expire=20161213164106&time_start=20161213163106&total_fee=380000&trade_type=JSAPI&key=bogleunionL18899765853bogleunion
[2016-12-13 16:31:06][debug] key:bogleunionL18899765853bogleunion
[2016-12-13 16:31:06][debug] string:appid=wxf53ced15df6d9c63&mch_id=1325297401&nonce_str=MikG6asV4toBAcLm&prepay_id=wx201612131631060c51b152470877551718&result_code=SUCCESS&return_code=SUCCESS&return_msg=OK&trade_type=JSAPI&key=bogleunionL18899765853bogleunion
[2016-12-13 16:31:06][debug] key:bogleunionL18899765853bogleunion
[2016-12-13 16:31:06][debug] string:appId=wxf53ced15df6d9c63&nonceStr=av6taoowpgvvh1jv312x7wgakkighjyz&package=prepay_id=wx201612131631060c51b152470877551718&signType=MD5&timeStamp=1481617866&key=bogleunionL18899765853bogleunion
[2016-12-13 16:31:06][debug] key:bogleunionL18899765853bogleunion
[2016-12-13 16:32:53][debug] string:appid=wxf53ced15df6d9c63&attach=1&body=股权帮&mch_id=1325297401&nonce_str=ofwlvycqonxxlw39g4v9y38hwwnt3uci&notify_url=http://cs.bogleunion.com/api.php/PayNotify/webchatpay_notify.html&openid=oBZpmxIDCA5Mkn9fItmP6E_sdTmY&out_trade_no=2016121310010155&spbill_create_ip=123.151.42.47&time_expire=20161213164253&time_start=20161213163253&total_fee=380000&trade_type=JSAPI&key=bogleunionL18899765853bogleunion
[2016-12-13 16:32:53][debug] key:bogleunionL18899765853bogleunion
[2016-12-13 16:32:53][debug] string:appid=wxf53ced15df6d9c63&mch_id=1325297401&nonce_str=94KMeUycs1wabawG&prepay_id=wx20161213163253498806934c0205298993&result_code=SUCCESS&return_code=SUCCESS&return_msg=OK&trade_type=JSAPI&key=bogleunionL18899765853bogleunion
[2016-12-13 16:32:53][debug] key:bogleunionL18899765853bogleunion
[2016-12-13 16:32:53][debug] string:appId=wxf53ced15df6d9c63&nonceStr=cr2m4lgvva9mbjzix0d31sqvq167m0c3&package=prepay_id=wx20161213163253498806934c0205298993&signType=MD5&timeStamp=1481617973&key=bogleunionL18899765853bogleunion
[2016-12-13 16:32:53][debug] key:bogleunionL18899765853bogleunion
[2016-12-13 16:35:37][debug] string:appid=wxf53ced15df6d9c63&attach=1&body=股权帮&mch_id=1325297401&nonce_str=ox2qrou18npth36jmki4y2z35aytcy8n&notify_url=http://cs.bogleunion.com/api.php/PayNotify/webchatpay_notify.html&openid=oBZpmxIDCA5Mkn9fItmP6E_sdTmY&out_trade_no=2016121352565756&spbill_create_ip=101.226.125.113&time_expire=20161213164537&time_start=20161213163537&total_fee=380000&trade_type=JSAPI&key=bogleunionL18899765853bogleunion
[2016-12-13 16:35:37][debug] key:bogleunionL18899765853bogleunion
[2016-12-13 16:35:42][debug] string:appid=wxf53ced15df6d9c63&mch_id=1325297401&nonce_str=DWTqVVfq5kQ1wk4F&prepay_id=wx20161213163542e29503bde70104865014&result_code=SUCCESS&return_code=SUCCESS&return_msg=OK&trade_type=JSAPI&key=bogleunionL18899765853bogleunion
[2016-12-13 16:35:42][debug] key:bogleunionL18899765853bogleunion
[2016-12-13 16:35:42][debug] string:appId=wxf53ced15df6d9c63&nonceStr=ypoe4f0htzyoo0bryt0ujtrik9ip6idq&package=prepay_id=wx20161213163542e29503bde70104865014&signType=MD5&timeStamp=1481618142&key=bogleunionL18899765853bogleunion
[2016-12-13 16:35:42][debug] key:bogleunionL18899765853bogleunion
[2016-12-13 16:35:43][debug] string:appid=wxf53ced15df6d9c63&attach=1&body=股权帮&mch_id=1325297401&nonce_str=1dsreq03jhilh8nwpuzr6tiwezu0kzmx&notify_url=http://cs.bogleunion.com/api.php/PayNotify/webchatpay_notify.html&openid=oBZpmxIDCA5Mkn9fItmP6E_sdTmY&out_trade_no=2016121352565756&spbill_create_ip=101.226.125.113&time_expire=20161213164543&time_start=20161213163543&total_fee=380000&trade_type=JSAPI&key=bogleunionL18899765853bogleunion
[2016-12-13 16:35:43][debug] key:bogleunionL18899765853bogleunion
[2016-12-13 16:35:43][debug] string:appid=wxf53ced15df6d9c63&mch_id=1325297401&nonce_str=2vGjfrP8uPjnACbO&prepay_id=wx20161213163543f38c396e380354720511&result_code=SUCCESS&return_code=SUCCESS&return_msg=OK&trade_type=JSAPI&key=bogleunionL18899765853bogleunion
[2016-12-13 16:35:43][debug] key:bogleunionL18899765853bogleunion
[2016-12-13 16:35:43][debug] string:appId=wxf53ced15df6d9c63&nonceStr=k2qqcxalcaa3xbb2b3ksmbjr05i3cz3m&package=prepay_id=wx20161213163543f38c396e380354720511&signType=MD5&timeStamp=1481618143&key=bogleunionL18899765853bogleunion
[2016-12-13 16:35:43][debug] key:bogleunionL18899765853bogleunion
[2016-12-13 16:46:06][debug] string:appid=wxf53ced15df6d9c63&attach=1&body=股权帮&mch_id=1325297401&nonce_str=e4s2nnwskdnm3897blelduk8zcg4tnma&notify_url=http://cs.bogleunion.com/api.php/PayNotify/webchatpay_notify.html&openid=oBZpmxFp_iXFT-VTnv2WY5n5r6IY&out_trade_no=2016121310151481&spbill_create_ip=101.226.125.116&time_expire=20161213165606&time_start=20161213164606&total_fee=380000&trade_type=JSAPI&key=bogleunionL18899765853bogleunion
[2016-12-13 16:46:06][debug] key:bogleunionL18899765853bogleunion
[2016-12-13 16:46:07][debug] string:appid=wxf53ced15df6d9c63&mch_id=1325297401&nonce_str=4HwzUQKITCM6J4Oh&prepay_id=wx20161213164607dd0cdbeea30332862821&result_code=SUCCESS&return_code=SUCCESS&return_msg=OK&trade_type=JSAPI&key=bogleunionL18899765853bogleunion
[2016-12-13 16:46:07][debug] key:bogleunionL18899765853bogleunion
[2016-12-13 16:46:07][debug] string:appId=wxf53ced15df6d9c63&nonceStr=ewakadijzn59xb53y9fui9zaksn4goro&package=prepay_id=wx20161213164607dd0cdbeea30332862821&signType=MD5&timeStamp=1481618767&key=bogleunionL18899765853bogleunion
[2016-12-13 16:46:07][debug] key:bogleunionL18899765853bogleunion
[2016-12-13 16:47:12][debug] string:appid=wxf53ced15df6d9c63&attach=1&body=股权帮&mch_id=1325297401&nonce_str=70w3qedlofvl02kfi48lh1dkszn6vh9s&notify_url=http://cs.bogleunion.com/api.php/PayNotify/webchatpay_notify.html&openid=oBZpmxFp_iXFT-VTnv2WY5n5r6IY&out_trade_no=2016121310151481&spbill_create_ip=101.226.125.116&time_expire=20161213165712&time_start=20161213164712&total_fee=380000&trade_type=JSAPI&key=bogleunionL18899765853bogleunion
[2016-12-13 16:47:12][debug] key:bogleunionL18899765853bogleunion
[2016-12-13 16:47:12][debug] string:appid=wxf53ced15df6d9c63&mch_id=1325297401&nonce_str=qG64hrVROVekUXhL&prepay_id=wx20161213164712c3a40c59fd0752130924&result_code=SUCCESS&return_code=SUCCESS&return_msg=OK&trade_type=JSAPI&key=bogleunionL18899765853bogleunion
[2016-12-13 16:47:12][debug] key:bogleunionL18899765853bogleunion
[2016-12-13 16:47:12][debug] string:appId=wxf53ced15df6d9c63&nonceStr=nqnlglhpmd0qf5q1u7qfsf4fzrkf8v4a&package=prepay_id=wx20161213164712c3a40c59fd0752130924&signType=MD5&timeStamp=1481618832&key=bogleunionL18899765853bogleunion
[2016-12-13 16:47:12][debug] key:bogleunionL18899765853bogleunion
[2016-12-13 18:25:18][debug] string:appid=wxf53ced15df6d9c63&attach=1&body=股权帮&mch_id=1325297401&nonce_str=zh27sgak7x2amofrb7spi36rx3eclwkh&notify_url=http://cs.bogleunion.com/api.php/PayNotify/webchatpay_notify.html&openid=oBZpmxLK056v06qaGd5b76WNNwlQ&out_trade_no=2016121310097485&spbill_create_ip=223.104.3.195&time_expire=20161213183518&time_start=20161213182518&total_fee=380000&trade_type=JSAPI&key=bogleunionL18899765853bogleunion
[2016-12-13 18:25:18][debug] key:bogleunionL18899765853bogleunion
[2016-12-13 18:25:20][debug] string:appid=wxf53ced15df6d9c63&mch_id=1325297401&nonce_str=0LGJbgFaS5rPfo10&prepay_id=wx201612131825207c7aea5ed90082728927&result_code=SUCCESS&return_code=SUCCESS&return_msg=OK&trade_type=JSAPI&key=bogleunionL18899765853bogleunion
[2016-12-13 18:25:20][debug] key:bogleunionL18899765853bogleunion
[2016-12-13 18:25:20][debug] string:appId=wxf53ced15df6d9c63&nonceStr=iotjobl5xo4os2qfcca9xn39lmxi6nd7&package=prepay_id=wx201612131825207c7aea5ed90082728927&signType=MD5&timeStamp=1481624720&key=bogleunionL18899765853bogleunion
[2016-12-13 18:25:20][debug] key:bogleunionL18899765853bogleunion
