[2016-11-29 09:11:37][debug] string:appid=wxf53ced15df6d9c63&attach=1&body=股权帮&mch_id=1325297401&nonce_str=zsgn87155884bdurgn5zelvoe56zp62g&notify_url=http://cs.bogleunion.com/api.php/PayNotify/webchatpay_notify.html&openid=oBZpmxHwS0A7OFGKSltKP9jhuhjI&out_trade_no=2016112956569898&spbill_create_ip=101.226.93.241&time_expire=20161129092137&time_start=20161129091137&total_fee=380000&trade_type=JSAPI&key=bogleunionL18899765853bogleunion
[2016-11-29 09:11:37][debug] key:bogleunionL18899765853bogleunion
[2016-11-29 09:11:39][debug] string:appid=wxf53ced15df6d9c63&mch_id=1325297401&nonce_str=fYIH5lFyrH0maHjq&prepay_id=wx20161129091139ab5b0374fa0255190158&result_code=SUCCESS&return_code=SUCCESS&return_msg=OK&trade_type=JSAPI&key=bogleunionL18899765853bogleunion
[2016-11-29 09:11:39][debug] key:bogleunionL18899765853bogleunion
[2016-11-29 09:11:39][debug] string:appId=wxf53ced15df6d9c63&nonceStr=o2ezogcitnyb94x0kp7wvueqzh8hb8sf&package=prepay_id=wx20161129091139ab5b0374fa0255190158&signType=MD5&timeStamp=1480381899&key=bogleunionL18899765853bogleunion
[2016-11-29 09:11:39][debug] key:bogleunionL18899765853bogleunion
[2016-11-29 18:44:15][debug] string:appid=wxf53ced15df6d9c63&attach=1&body=股权帮&mch_id=1325297401&nonce_str=wmyy6mhk26jka8wrnr22be6wt22jnatx&notify_url=http://cs.bogleunion.com/api.php/PayNotify/webchatpay_notify.html&openid=oBZpmxI1uJ0b47LDheMjqQc2pBOc&out_trade_no=2016112910154561&spbill_create_ip=182.140.184.154&time_expire=20161129185415&time_start=20161129184415&total_fee=380000&trade_type=JSAPI&key=bogleunionL18899765853bogleunion
[2016-11-29 18:44:15][debug] key:bogleunionL18899765853bogleunion
[2016-11-29 18:44:17][debug] string:appid=wxf53ced15df6d9c63&mch_id=1325297401&nonce_str=yEiZLxlavbig2RT5&prepay_id=wx2016112918441745ca360b630482248082&result_code=SUCCESS&return_code=SUCCESS&return_msg=OK&trade_type=JSAPI&key=bogleunionL18899765853bogleunion
[2016-11-29 18:44:17][debug] key:bogleunionL18899765853bogleunion
[2016-11-29 18:44:17][debug] string:appId=wxf53ced15df6d9c63&nonceStr=nz2yfex5e8orlzk6jbj8j3phk9f8n23c&package=prepay_id=wx2016112918441745ca360b630482248082&signType=MD5&timeStamp=1480416257&key=bogleunionL18899765853bogleunion
[2016-11-29 18:44:17][debug] key:bogleunionL18899765853bogleunion
[2016-11-29 20:46:16][debug] string:appid=wxf53ced15df6d9c63&attach=1&body=股权帮&mch_id=1325297401&nonce_str=yred5zek5iw1whcchjt179875j7ye9x8&notify_url=http://cs.bogleunion.com/api.php/PayNotify/webchatpay_notify.html&openid=oBZpmxIdgguZ2sMTtm7zlUJGYaKg&out_trade_no=2016112955995510&spbill_create_ip=180.158.118.229&time_expire=20161129205616&time_start=20161129204616&total_fee=1000000&trade_type=JSAPI&key=bogleunionL18899765853bogleunion
[2016-11-29 20:46:16][debug] key:bogleunionL18899765853bogleunion
[2016-11-29 20:46:18][debug] string:appid=wxf53ced15df6d9c63&mch_id=1325297401&nonce_str=CjM3eDhYtgM7vw3p&prepay_id=wx20161129204618322268dacc0303370302&result_code=SUCCESS&return_code=SUCCESS&return_msg=OK&trade_type=JSAPI&key=bogleunionL18899765853bogleunion
[2016-11-29 20:46:18][debug] key:bogleunionL18899765853bogleunion
[2016-11-29 20:46:18][debug] string:appId=wxf53ced15df6d9c63&nonceStr=sxkkaa4oqvuilch2qf243859ba571ere&package=prepay_id=wx20161129204618322268dacc0303370302&signType=MD5&timeStamp=1480423578&key=bogleunionL18899765853bogleunion
[2016-11-29 20:46:18][debug] key:bogleunionL18899765853bogleunion
[2016-11-29 21:39:36][debug] string:appid=wxf53ced15df6d9c63&attach=1&body=股权帮&mch_id=1325297401&nonce_str=4gsc7apxh19qxycref8d25ya5gd4ms2i&notify_url=http://cs.bogleunion.com/api.php/PayNotify/webchatpay_notify.html&openid=oBZpmxGGNXJi9CGcKiqDsNDvZqDk&out_trade_no=2016112955101561&spbill_create_ip=183.61.37.28&time_expire=20161129214936&time_start=20161129213936&total_fee=1000000&trade_type=JSAPI&key=bogleunionL18899765853bogleunion
[2016-11-29 21:39:36][debug] key:bogleunionL18899765853bogleunion
[2016-11-29 21:39:38][debug] string:appid=wxf53ced15df6d9c63&mch_id=1325297401&nonce_str=66TxFsJeXDPTc2W8&prepay_id=wx2016112921393896cf6b51540316115591&result_code=SUCCESS&return_code=SUCCESS&return_msg=OK&trade_type=JSAPI&key=bogleunionL18899765853bogleunion
[2016-11-29 21:39:38][debug] key:bogleunionL18899765853bogleunion
[2016-11-29 21:39:38][debug] string:appId=wxf53ced15df6d9c63&nonceStr=9wx44hjrosmg92sr6zik49st2bhitlku&package=prepay_id=wx2016112921393896cf6b51540316115591&signType=MD5&timeStamp=1480426778&key=bogleunionL18899765853bogleunion
[2016-11-29 21:39:38][debug] key:bogleunionL18899765853bogleunion
