[2017-01-04 10:42:24][debug] string:appid=wxf53ced15df6d9c63&attach=1&body=股权帮&mch_id=1325297401&nonce_str=2agk2q43p4ftzo4cv7eqfxfl022qfhyt&notify_url=http://cs.bogleunion.com/api.php/PayNotify/webchatpay_notify.html&openid=oBZpmxNrpy_rhhxxRBf2sd2IQ6SE&out_trade_no=2017010410299544&spbill_create_ip=101.226.102.80&time_expire=20170104105224&time_start=20170104104224&total_fee=2000000&trade_type=JSAPI&key=bogleunionL18899765853bogleunion
[2017-01-04 10:42:24][debug] key:bogleunionL18899765853bogleunion
[2017-01-04 10:42:26][debug] string:appid=wxf53ced15df6d9c63&mch_id=1325297401&nonce_str=AdOVfXP7L4IU4UCD&prepay_id=wx20170104104226304e9df2cd0010265662&result_code=SUCCESS&return_code=SUCCESS&return_msg=OK&trade_type=JSAPI&key=bogleunionL18899765853bogleunion
[2017-01-04 10:42:26][debug] key:bogleunionL18899765853bogleunion
[2017-01-04 10:42:26][debug] string:appId=wxf53ced15df6d9c63&nonceStr=mckno03susfk0drhy3xexx1dyh4ym2dt&package=prepay_id=wx20170104104226304e9df2cd0010265662&signType=MD5&timeStamp=1483497746&key=bogleunionL18899765853bogleunion
[2017-01-04 10:42:26][debug] key:bogleunionL18899765853bogleunion
[2017-01-04 11:00:31][debug] string:appid=wxf53ced15df6d9c63&attach=1&body=股权帮&mch_id=1325297401&nonce_str=x3t48h7iaj5vnn1bwwcvgrja32v0f0a1&notify_url=http://cs.bogleunion.com/api.php/PayNotify/webchatpay_notify.html&openid=oBZpmxNrpy_rhhxxRBf2sd2IQ6SE&out_trade_no=2017010410248535&spbill_create_ip=101.226.102.80&time_expire=20170104111031&time_start=20170104110031&total_fee=2000000&trade_type=JSAPI&key=bogleunionL18899765853bogleunion
[2017-01-04 11:00:31][debug] key:bogleunionL18899765853bogleunion
[2017-01-04 11:00:33][debug] string:appid=wxf53ced15df6d9c63&mch_id=1325297401&nonce_str=z08d6KhPJLHPJRxv&prepay_id=wx2017010411003328e22745c20603913358&result_code=SUCCESS&return_code=SUCCESS&return_msg=OK&trade_type=JSAPI&key=bogleunionL18899765853bogleunion
[2017-01-04 11:00:33][debug] key:bogleunionL18899765853bogleunion
[2017-01-04 11:00:33][debug] string:appId=wxf53ced15df6d9c63&nonceStr=clqogxpe600f20juhluhcgrffs616zpd&package=prepay_id=wx2017010411003328e22745c20603913358&signType=MD5&timeStamp=1483498833&key=bogleunionL18899765853bogleunion
[2017-01-04 11:00:33][debug] key:bogleunionL18899765853bogleunion
[2017-01-04 11:02:08][debug] string:appid=wxf53ced15df6d9c63&attach=1&body=股权帮&mch_id=1325297401&nonce_str=gcnr40jfiilj4luwbbnlb9ve245yjn80&notify_url=http://cs.bogleunion.com/api.php/PayNotify/webchatpay_notify.html&openid=oBZpmxNrpy_rhhxxRBf2sd2IQ6SE&out_trade_no=2017010448501001&spbill_create_ip=117.144.246.146&time_expire=20170104111208&time_start=20170104110208&total_fee=380000&trade_type=JSAPI&key=bogleunionL18899765853bogleunion
[2017-01-04 11:02:08][debug] key:bogleunionL18899765853bogleunion
[2017-01-04 11:02:08][debug] string:appid=wxf53ced15df6d9c63&mch_id=1325297401&nonce_str=5a2nmpWt69dPlDDO&prepay_id=wx201701041102098b6d00e90f0108277442&result_code=SUCCESS&return_code=SUCCESS&return_msg=OK&trade_type=JSAPI&key=bogleunionL18899765853bogleunion
[2017-01-04 11:02:08][debug] key:bogleunionL18899765853bogleunion
[2017-01-04 11:02:08][debug] string:appId=wxf53ced15df6d9c63&nonceStr=clye1jwznatxk9t45cjo0tsz8aildtsk&package=prepay_id=wx201701041102098b6d00e90f0108277442&signType=MD5&timeStamp=1483498928&key=bogleunionL18899765853bogleunion
[2017-01-04 11:02:08][debug] key:bogleunionL18899765853bogleunion
[2017-01-04 11:02:13][debug] string:appid=wxf53ced15df6d9c63&attach=1&body=股权帮&mch_id=1325297401&nonce_str=abwd7j37obva05z1fz9ruxl3ygtkeuaq&notify_url=http://cs.bogleunion.com/api.php/PayNotify/webchatpay_notify.html&openid=oBZpmxNrpy_rhhxxRBf2sd2IQ6SE&out_trade_no=2017010448501001mix&spbill_create_ip=101.226.102.80&time_expire=20170104111213&time_start=20170104110213&total_fee=100000&trade_type=JSAPI&key=bogleunionL18899765853bogleunion
[2017-01-04 11:02:13][debug] key:bogleunionL18899765853bogleunion
[2017-01-04 11:02:13][debug] string:appid=wxf53ced15df6d9c63&mch_id=1325297401&nonce_str=poY8DEOaalAvPWDf&prepay_id=wx2017010411021419274d062d0278827867&result_code=SUCCESS&return_code=SUCCESS&return_msg=OK&trade_type=JSAPI&key=bogleunionL18899765853bogleunion
[2017-01-04 11:02:13][debug] key:bogleunionL18899765853bogleunion
[2017-01-04 11:02:13][debug] string:appId=wxf53ced15df6d9c63&nonceStr=y5rqjfgc7cwfd6tpiz554aa06pn6q648&package=prepay_id=wx2017010411021419274d062d0278827867&signType=MD5&timeStamp=1483498933&key=bogleunionL18899765853bogleunion
[2017-01-04 11:02:13][debug] key:bogleunionL18899765853bogleunion
[2017-01-04 11:03:28][debug] string:appid=wxf53ced15df6d9c63&attach=1&body=股权帮&mch_id=1325297401&nonce_str=s4wrhdqmsyysv73fk5sgpfen4bspxf37&notify_url=http://cs.bogleunion.com/api.php/PayNotify/webchatpay_notify.html&openid=oBZpmxNrpy_rhhxxRBf2sd2IQ6SE&out_trade_no=2017010448501001mix&spbill_create_ip=117.144.246.146&time_expire=20170104111328&time_start=20170104110328&total_fee=100000&trade_type=JSAPI&key=bogleunionL18899765853bogleunion
[2017-01-04 11:03:28][debug] key:bogleunionL18899765853bogleunion
[2017-01-04 11:03:30][debug] string:appid=wxf53ced15df6d9c63&mch_id=1325297401&nonce_str=6VP5dvoj2ZApOo9I&prepay_id=wx20170104110330bd5bf3c5100121076913&result_code=SUCCESS&return_code=SUCCESS&return_msg=OK&trade_type=JSAPI&key=bogleunionL18899765853bogleunion
[2017-01-04 11:03:30][debug] key:bogleunionL18899765853bogleunion
[2017-01-04 11:03:30][debug] string:appId=wxf53ced15df6d9c63&nonceStr=n1qvctu7qrpjoldv4b5c2wl71zq8xdk4&package=prepay_id=wx20170104110330bd5bf3c5100121076913&signType=MD5&timeStamp=1483499010&key=bogleunionL18899765853bogleunion
[2017-01-04 11:03:30][debug] key:bogleunionL18899765853bogleunion
[2017-01-04 11:04:25][debug] string:appid=wxf53ced15df6d9c63&attach=1&body=股权帮&mch_id=1325297401&nonce_str=uyv5bv9kj1gia524751tx0svekbkgyiz&notify_url=http://cs.bogleunion.com/api.php/PayNotify/webchatpay_notify.html&openid=oBZpmxNrpy_rhhxxRBf2sd2IQ6SE&out_trade_no=2017010448501001mix&spbill_create_ip=117.144.246.146&time_expire=20170104111425&time_start=20170104110425&total_fee=100000&trade_type=JSAPI&key=bogleunionL18899765853bogleunion
[2017-01-04 11:04:25][debug] key:bogleunionL18899765853bogleunion
[2017-01-04 11:04:25][debug] string:appid=wxf53ced15df6d9c63&mch_id=1325297401&nonce_str=U0Q5KcWDiRDNDyL6&prepay_id=wx2017010411042503a7effb780094321971&result_code=SUCCESS&return_code=SUCCESS&return_msg=OK&trade_type=JSAPI&key=bogleunionL18899765853bogleunion
[2017-01-04 11:04:25][debug] key:bogleunionL18899765853bogleunion
[2017-01-04 11:04:25][debug] string:appId=wxf53ced15df6d9c63&nonceStr=yw73a5igkuoxkooisx2zgca3w5acv2fi&package=prepay_id=wx2017010411042503a7effb780094321971&signType=MD5&timeStamp=1483499065&key=bogleunionL18899765853bogleunion
[2017-01-04 11:04:25][debug] key:bogleunionL18899765853bogleunion
[2017-01-04 11:04:28][debug] string:appid=wxf53ced15df6d9c63&attach=1&body=股权帮&mch_id=1325297401&nonce_str=7h468hixhe2ua74b4jbz008tnfgvxaqt&notify_url=http://cs.bogleunion.com/api.php/PayNotify/webchatpay_notify.html&openid=oBZpmxNrpy_rhhxxRBf2sd2IQ6SE&out_trade_no=2017010448501001mix&spbill_create_ip=117.144.246.146&time_expire=20170104111428&time_start=20170104110428&total_fee=100000&trade_type=JSAPI&key=bogleunionL18899765853bogleunion
[2017-01-04 11:04:28][debug] key:bogleunionL18899765853bogleunion
[2017-01-04 11:04:28][debug] string:appid=wxf53ced15df6d9c63&mch_id=1325297401&nonce_str=WNlH1QZW0BGzNSWz&prepay_id=wx201701041104282eeacd10c00604288658&result_code=SUCCESS&return_code=SUCCESS&return_msg=OK&trade_type=JSAPI&key=bogleunionL18899765853bogleunion
[2017-01-04 11:04:28][debug] key:bogleunionL18899765853bogleunion
[2017-01-04 11:04:28][debug] string:appId=wxf53ced15df6d9c63&nonceStr=35t0a6hriku96az8qcoycutgti9shxkh&package=prepay_id=wx201701041104282eeacd10c00604288658&signType=MD5&timeStamp=1483499068&key=bogleunionL18899765853bogleunion
[2017-01-04 11:04:28][debug] key:bogleunionL18899765853bogleunion
[2017-01-04 11:05:37][debug] string:appid=wxf53ced15df6d9c63&attach=1&body=股权帮&mch_id=1325297401&nonce_str=ecs75c55x2ngjbyprzmr7tc4h6eu8x8i&notify_url=http://cs.bogleunion.com/api.php/PayNotify/webchatpay_notify.html&openid=oBZpmxNrpy_rhhxxRBf2sd2IQ6SE&out_trade_no=2017010448501001mix&spbill_create_ip=101.226.102.80&time_expire=20170104111537&time_start=20170104110537&total_fee=100000&trade_type=JSAPI&key=bogleunionL18899765853bogleunion
[2017-01-04 11:05:37][debug] key:bogleunionL18899765853bogleunion
[2017-01-04 11:05:40][debug] string:appid=wxf53ced15df6d9c63&mch_id=1325297401&nonce_str=HzMidJLauR9FmDt9&prepay_id=wx201701041105403ab93f54280636980199&result_code=SUCCESS&return_code=SUCCESS&return_msg=OK&trade_type=JSAPI&key=bogleunionL18899765853bogleunion
[2017-01-04 11:05:40][debug] key:bogleunionL18899765853bogleunion
[2017-01-04 11:05:40][debug] string:appId=wxf53ced15df6d9c63&nonceStr=0e7xy18qlsr28e7ty8ggps8urhfawilk&package=prepay_id=wx201701041105403ab93f54280636980199&signType=MD5&timeStamp=1483499140&key=bogleunionL18899765853bogleunion
[2017-01-04 11:05:40][debug] key:bogleunionL18899765853bogleunion
[2017-01-04 11:05:53][debug] string:appid=wxf53ced15df6d9c63&attach=1&body=股权帮&mch_id=1325297401&nonce_str=vyn483lduswi72mgk6r9d2znz6gc6mt3&notify_url=http://cs.bogleunion.com/api.php/PayNotify/webchatpay_notify.html&openid=oBZpmxNrpy_rhhxxRBf2sd2IQ6SE&out_trade_no=2017010448100555&spbill_create_ip=101.226.102.80&time_expire=20170104111553&time_start=20170104110553&total_fee=2000000&trade_type=JSAPI&key=bogleunionL18899765853bogleunion
[2017-01-04 11:05:53][debug] key:bogleunionL18899765853bogleunion
[2017-01-04 11:05:53][debug] string:appid=wxf53ced15df6d9c63&mch_id=1325297401&nonce_str=IwjZ4neNUzX8HMce&prepay_id=wx201701041105536a6a0af5ff0324475074&result_code=SUCCESS&return_code=SUCCESS&return_msg=OK&trade_type=JSAPI&key=bogleunionL18899765853bogleunion
[2017-01-04 11:05:53][debug] key:bogleunionL18899765853bogleunion
[2017-01-04 11:05:53][debug] string:appId=wxf53ced15df6d9c63&nonceStr=ccjvdaa3hhzxjirkj1afmevayatsuu2y&package=prepay_id=wx201701041105536a6a0af5ff0324475074&signType=MD5&timeStamp=1483499153&key=bogleunionL18899765853bogleunion
[2017-01-04 11:05:53][debug] key:bogleunionL18899765853bogleunion
[2017-01-04 11:31:27][debug] string:appid=wxf53ced15df6d9c63&attach=1&body=股权帮&mch_id=1325297401&nonce_str=e85djuf08801lt7tzt2vqw2np22n12e2&notify_url=http://cs.bogleunion.com/api.php/PayNotify/webchatpay_notify.html&openid=oBZpmxHwS0A7OFGKSltKP9jhuhjI&out_trade_no=2017010410250525&spbill_create_ip=117.185.24.243&time_expire=20170104114127&time_start=20170104113127&total_fee=380000&trade_type=JSAPI&key=bogleunionL18899765853bogleunion
[2017-01-04 11:31:27][debug] key:bogleunionL18899765853bogleunion
[2017-01-04 11:31:29][debug] string:appid=wxf53ced15df6d9c63&mch_id=1325297401&nonce_str=pJPBiscYRXkY93Wl&prepay_id=wx2017010411312903926067840319345467&result_code=SUCCESS&return_code=SUCCESS&return_msg=OK&trade_type=JSAPI&key=bogleunionL18899765853bogleunion
[2017-01-04 11:31:29][debug] key:bogleunionL18899765853bogleunion
[2017-01-04 11:31:29][debug] string:appId=wxf53ced15df6d9c63&nonceStr=ugnwkasdf2q9ac2zg0ozxbstfyd9c3wk&package=prepay_id=wx2017010411312903926067840319345467&signType=MD5&timeStamp=1483500689&key=bogleunionL18899765853bogleunion
[2017-01-04 11:31:29][debug] key:bogleunionL18899765853bogleunion
[2017-01-04 11:31:53][debug] string:appid=wxf53ced15df6d9c63&attach=1&body=股权帮&mch_id=1325297401&nonce_str=xegbartbmy32k6y79az93qvuy7bcwhqg&notify_url=http://cs.bogleunion.com/api.php/PayNotify/webchatpay_notify.html&openid=oBZpmxHwS0A7OFGKSltKP9jhuhjI&out_trade_no=2017010456531009&spbill_create_ip=101.226.93.241&time_expire=20170104114153&time_start=20170104113153&total_fee=2000000&trade_type=JSAPI&key=bogleunionL18899765853bogleunion
[2017-01-04 11:31:53][debug] key:bogleunionL18899765853bogleunion
[2017-01-04 11:31:53][debug] string:appid=wxf53ced15df6d9c63&mch_id=1325297401&nonce_str=usQvumM36oba1IZ1&prepay_id=wx2017010411315350193fbd080557644234&result_code=SUCCESS&return_code=SUCCESS&return_msg=OK&trade_type=JSAPI&key=bogleunionL18899765853bogleunion
[2017-01-04 11:31:53][debug] key:bogleunionL18899765853bogleunion
[2017-01-04 11:31:53][debug] string:appId=wxf53ced15df6d9c63&nonceStr=fp2eaueaj7f9lums3fw9v3wx3mpseoqs&package=prepay_id=wx2017010411315350193fbd080557644234&signType=MD5&timeStamp=1483500713&key=bogleunionL18899765853bogleunion
[2017-01-04 11:31:53][debug] key:bogleunionL18899765853bogleunion
[2017-01-04 16:05:44][debug] string:appid=wxf53ced15df6d9c63&attach=1&body=股权帮&mch_id=1325297401&nonce_str=82afytcb2mvrobaogw7byuvfqorpu6x7&notify_url=http://cs.bogleunion.com/api.php/PayNotify/webchatpay_notify.html&openid=oBZpmxNrpy_rhhxxRBf2sd2IQ6SE&out_trade_no=2017010455101515&spbill_create_ip=101.226.102.80&time_expire=20170104161544&time_start=20170104160544&total_fee=2000000&trade_type=JSAPI&key=bogleunionL18899765853bogleunion
[2017-01-04 16:05:44][debug] key:bogleunionL18899765853bogleunion
[2017-01-04 16:05:46][debug] string:appid=wxf53ced15df6d9c63&mch_id=1325297401&nonce_str=0jc41jPYfrO9KDi8&prepay_id=wx20170104160546c712c3e3cd0902365259&result_code=SUCCESS&return_code=SUCCESS&return_msg=OK&trade_type=JSAPI&key=bogleunionL18899765853bogleunion
[2017-01-04 16:05:46][debug] key:bogleunionL18899765853bogleunion
[2017-01-04 16:05:46][debug] string:appId=wxf53ced15df6d9c63&nonceStr=s6wb5hutrf579shin43prfbspkmutjxi&package=prepay_id=wx20170104160546c712c3e3cd0902365259&signType=MD5&timeStamp=1483517146&key=bogleunionL18899765853bogleunion
[2017-01-04 16:05:46][debug] key:bogleunionL18899765853bogleunion
[2017-01-04 16:16:39][debug] string:appid=wxf53ced15df6d9c63&attach=1&body=股权帮&mch_id=1325297401&nonce_str=iicubu88t2v9e44qgsznbkpmyjwv39yi&notify_url=http://cs.bogleunion.com/api.php/PayNotify/webchatpay_notify.html&openid=oBZpmxNrpy_rhhxxRBf2sd2IQ6SE&out_trade_no=2017010455535552&spbill_create_ip=117.144.246.146&time_expire=20170104162639&time_start=20170104161639&total_fee=380000&trade_type=JSAPI&key=bogleunionL18899765853bogleunion
[2017-01-04 16:16:39][debug] key:bogleunionL18899765853bogleunion
[2017-01-04 16:16:41][debug] string:appid=wxf53ced15df6d9c63&mch_id=1325297401&nonce_str=ZqnDBOgXlUJvYbai&prepay_id=wx2017010416164115362334370247465810&result_code=SUCCESS&return_code=SUCCESS&return_msg=OK&trade_type=JSAPI&key=bogleunionL18899765853bogleunion
[2017-01-04 16:16:41][debug] key:bogleunionL18899765853bogleunion
[2017-01-04 16:16:41][debug] string:appId=wxf53ced15df6d9c63&nonceStr=0i3em3a54cdftb57vfrdi7wjz3tcywvw&package=prepay_id=wx2017010416164115362334370247465810&signType=MD5&timeStamp=1483517801&key=bogleunionL18899765853bogleunion
[2017-01-04 16:16:41][debug] key:bogleunionL18899765853bogleunion
[2017-01-04 16:21:54][debug] string:appid=wxf53ced15df6d9c63&attach=1&body=股权帮&mch_id=1325297401&nonce_str=3ildmg5af505cr640zp979zj5u78aju2&notify_url=http://guquanbang.com/api.php/PayNotify/webchatpay_notify.html&openid=oBZpmxKqfRYlOFaeiHb6oazBoNSY&out_trade_no=2017010449999750&spbill_create_ip=101.226.61.142&time_expire=20170104163154&time_start=20170104162154&total_fee=380000&trade_type=JSAPI&key=bogleunionL18899765853bogleunion
[2017-01-04 16:21:54][debug] key:bogleunionL18899765853bogleunion
[2017-01-04 16:21:56][debug] string:appid=wxf53ced15df6d9c63&mch_id=1325297401&nonce_str=GZsyuVviN9oOWKMX&prepay_id=wx2017010416215648b6fca7380664096004&result_code=SUCCESS&return_code=SUCCESS&return_msg=OK&trade_type=JSAPI&key=bogleunionL18899765853bogleunion
[2017-01-04 16:21:56][debug] key:bogleunionL18899765853bogleunion
[2017-01-04 16:21:56][debug] string:appId=wxf53ced15df6d9c63&nonceStr=ksu1hq80knt0vgee28dy5rz9dx5dq9n6&package=prepay_id=wx2017010416215648b6fca7380664096004&signType=MD5&timeStamp=1483518116&key=bogleunionL18899765853bogleunion
[2017-01-04 16:21:56][debug] key:bogleunionL18899765853bogleunion
[2017-01-04 16:22:10][debug] string:appid=wxf53ced15df6d9c63&attach=1&body=股权帮&mch_id=1325297401&nonce_str=wd4d3qk1lurngt3tzcwx08jhy1o6o8fy&notify_url=http://guquanbang.com/api.php/PayNotify/webchatpay_notify.html&openid=oBZpmxKqfRYlOFaeiHb6oazBoNSY&out_trade_no=2016122955101975&spbill_create_ip=101.226.61.142&time_expire=20170104163210&time_start=20170104162210&total_fee=380000&trade_type=JSAPI&key=bogleunionL18899765853bogleunion
[2017-01-04 16:22:10][debug] key:bogleunionL18899765853bogleunion
[2017-01-04 16:22:10][debug] string:appid=wxf53ced15df6d9c63&err_code=INVALID_REQUEST&err_code_des=201 商户订单号重复&mch_id=1325297401&nonce_str=sNiob5vJA7A7GIRM&result_code=FAIL&return_code=SUCCESS&return_msg=OK&key=bogleunionL18899765853bogleunion
[2017-01-04 16:22:10][debug] key:bogleunionL18899765853bogleunion
[2017-01-04 16:22:32][debug] string:appid=wxf53ced15df6d9c63&attach=1&body=股权帮&mch_id=1325297401&nonce_str=n5vsck5ey7e1t46l2o6xuvyljjnml3hp&notify_url=http://guquanbang.com/api.php/PayNotify/webchatpay_notify.html&openid=oBZpmxKqfRYlOFaeiHb6oazBoNSY&out_trade_no=2017010455509710&spbill_create_ip=101.226.61.142&time_expire=20170104163232&time_start=20170104162232&total_fee=380000&trade_type=JSAPI&key=bogleunionL18899765853bogleunion
[2017-01-04 16:22:32][debug] key:bogleunionL18899765853bogleunion
[2017-01-04 16:22:32][debug] string:appid=wxf53ced15df6d9c63&mch_id=1325297401&nonce_str=wKQxKFy4LSdmNY3Y&prepay_id=wx20170104162232dd901c8e150735415074&result_code=SUCCESS&return_code=SUCCESS&return_msg=OK&trade_type=JSAPI&key=bogleunionL18899765853bogleunion
[2017-01-04 16:22:32][debug] key:bogleunionL18899765853bogleunion
[2017-01-04 16:22:32][debug] string:appId=wxf53ced15df6d9c63&nonceStr=5a0advuxqakn3ikbhugd25da1flzsem3&package=prepay_id=wx20170104162232dd901c8e150735415074&signType=MD5&timeStamp=1483518152&key=bogleunionL18899765853bogleunion
[2017-01-04 16:22:32][debug] key:bogleunionL18899765853bogleunion
[2017-01-04 16:22:45][debug] string:appid=wxf53ced15df6d9c63&attach=1&body=股权帮&mch_id=1325297401&nonce_str=k7b5h4p157q1z6qaaei7p12hy19gbism&notify_url=http://guquanbang.com/api.php/PayNotify/webchatpay_notify.html&openid=oBZpmxKqfRYlOFaeiHb6oazBoNSY&out_trade_no=2016122955101975&spbill_create_ip=101.226.61.142&time_expire=20170104163245&time_start=20170104162245&total_fee=380000&trade_type=JSAPI&key=bogleunionL18899765853bogleunion
[2017-01-04 16:22:45][debug] key:bogleunionL18899765853bogleunion
[2017-01-04 16:22:46][debug] string:appid=wxf53ced15df6d9c63&err_code=INVALID_REQUEST&err_code_des=201 商户订单号重复&mch_id=1325297401&nonce_str=DlIiK6nH92gMbCnR&result_code=FAIL&return_code=SUCCESS&return_msg=OK&key=bogleunionL18899765853bogleunion
[2017-01-04 16:22:46][debug] key:bogleunionL18899765853bogleunion
[2017-01-04 16:23:13][debug] string:appid=wxf53ced15df6d9c63&attach=1&body=股权帮&mch_id=1325297401&nonce_str=dahzfyjzny58xtd2rpx181kovzxw9kvx&notify_url=http://guquanbang.com/api.php/PayNotify/webchatpay_notify.html&openid=oBZpmxNrpy_rhhxxRBf2sd2IQ6SE&out_trade_no=2017010449509810&spbill_create_ip=101.226.102.80&time_expire=20170104163313&time_start=20170104162313&total_fee=380000&trade_type=JSAPI&key=bogleunionL18899765853bogleunion
[2017-01-04 16:23:13][debug] key:bogleunionL18899765853bogleunion
[2017-01-04 16:23:13][debug] string:appid=wxf53ced15df6d9c63&mch_id=1325297401&nonce_str=0HJ6CB0tYDc76cNE&prepay_id=wx20170104162314b394a2a57a0296988867&result_code=SUCCESS&return_code=SUCCESS&return_msg=OK&trade_type=JSAPI&key=bogleunionL18899765853bogleunion
[2017-01-04 16:23:13][debug] key:bogleunionL18899765853bogleunion
[2017-01-04 16:23:13][debug] string:appId=wxf53ced15df6d9c63&nonceStr=n771a9cygw4ovdulu8woy8xwg8y53bb9&package=prepay_id=wx20170104162314b394a2a57a0296988867&signType=MD5&timeStamp=1483518193&key=bogleunionL18899765853bogleunion
[2017-01-04 16:23:13][debug] key:bogleunionL18899765853bogleunion
[2017-01-04 16:23:26][debug] string:appid=wxf53ced15df6d9c63&attach=1&body=股权帮&mch_id=1325297401&nonce_str=wf4t4yzub6ooj4cb2g1sss14gz9fl35i&notify_url=http://guquanbang.com/api.php/PayNotify/webchatpay_notify.html&openid=oBZpmxNrpy_rhhxxRBf2sd2IQ6SE&out_trade_no=2017010449509810mix&spbill_create_ip=101.226.102.80&time_expire=20170104163326&time_start=20170104162326&total_fee=100000&trade_type=JSAPI&key=bogleunionL18899765853bogleunion
[2017-01-04 16:23:26][debug] key:bogleunionL18899765853bogleunion
[2017-01-04 16:23:27][debug] string:appid=wxf53ced15df6d9c63&mch_id=1325297401&nonce_str=I2U0qUOO6BZHgKWT&prepay_id=wx20170104162327840e71e5340480601066&result_code=SUCCESS&return_code=SUCCESS&return_msg=OK&trade_type=JSAPI&key=bogleunionL18899765853bogleunion
[2017-01-04 16:23:27][debug] key:bogleunionL18899765853bogleunion
[2017-01-04 16:23:27][debug] string:appId=wxf53ced15df6d9c63&nonceStr=o41et4iu41s97rogcyvw8nprpvf4rrwo&package=prepay_id=wx20170104162327840e71e5340480601066&signType=MD5&timeStamp=1483518207&key=bogleunionL18899765853bogleunion
[2017-01-04 16:23:27][debug] key:bogleunionL18899765853bogleunion
[2017-01-04 16:25:18][debug] string:appid=wxf53ced15df6d9c63&attach=1&body=股权帮&mch_id=1325297401&nonce_str=hzzpkkf2ywb1q9ynhmpemzyyhv3w8zdh&notify_url=http://guquanbang.com/api.php/PayNotify/webchatpay_notify.html&openid=oBZpmxNrpy_rhhxxRBf2sd2IQ6SE&out_trade_no=2017010448501001&spbill_create_ip=101.226.102.80&time_expire=20170104163518&time_start=20170104162518&total_fee=100000&trade_type=JSAPI&key=bogleunionL18899765853bogleunion
[2017-01-04 16:25:18][debug] key:bogleunionL18899765853bogleunion
[2017-01-04 16:25:20][debug] string:appid=wxf53ced15df6d9c63&err_code=INVALID_REQUEST&err_code_des=201 商户订单号重复&mch_id=1325297401&nonce_str=XZh1cCAEJEYUaio3&result_code=FAIL&return_code=SUCCESS&return_msg=OK&key=bogleunionL18899765853bogleunion
[2017-01-04 16:25:20][debug] key:bogleunionL18899765853bogleunion
[2017-01-04 16:25:46][debug] string:appid=wxf53ced15df6d9c63&attach=1&body=股权帮&mch_id=1325297401&nonce_str=wzzhl1kfi6njse8itgq2tofr7ahere6b&notify_url=http://guquanbang.com/api.php/PayNotify/webchatpay_notify.html&openid=oBZpmxNrpy_rhhxxRBf2sd2IQ6SE&out_trade_no=2017010457999710&spbill_create_ip=101.226.102.80&time_expire=20170104163546&time_start=20170104162546&total_fee=380000&trade_type=JSAPI&key=bogleunionL18899765853bogleunion
[2017-01-04 16:25:46][debug] key:bogleunionL18899765853bogleunion
[2017-01-04 16:25:46][debug] string:appid=wxf53ced15df6d9c63&mch_id=1325297401&nonce_str=aGmJY2PsSuZi5vYL&prepay_id=wx20170104162546588e2cd7440041658697&result_code=SUCCESS&return_code=SUCCESS&return_msg=OK&trade_type=JSAPI&key=bogleunionL18899765853bogleunion
[2017-01-04 16:25:46][debug] key:bogleunionL18899765853bogleunion
[2017-01-04 16:25:46][debug] string:appId=wxf53ced15df6d9c63&nonceStr=ii7rj9h0fquw3yi6ycseai3qgttkps3z&package=prepay_id=wx20170104162546588e2cd7440041658697&signType=MD5&timeStamp=1483518346&key=bogleunionL18899765853bogleunion
[2017-01-04 16:25:46][debug] key:bogleunionL18899765853bogleunion
[2017-01-04 16:30:53][debug] string:appid=wxf53ced15df6d9c63&attach=1&body=股权帮&mch_id=1325297401&nonce_str=ari93eokpemzotigcrsbzun3wsmlrx7z&notify_url=http://guquanbang.com/api.php/PayNotify/webchatpay_notify.html&openid=oBZpmxHwS0A7OFGKSltKP9jhuhjI&out_trade_no=2017010499565755&spbill_create_ip=101.226.93.241&time_expire=20170104164053&time_start=20170104163053&total_fee=380000&trade_type=JSAPI&key=bogleunionL18899765853bogleunion
[2017-01-04 16:30:53][debug] key:bogleunionL18899765853bogleunion
[2017-01-04 16:30:55][debug] string:appid=wxf53ced15df6d9c63&mch_id=1325297401&nonce_str=JLXyxp0DN7oUoXqu&prepay_id=wx2017010416305511c8bd2c5b0632837913&result_code=SUCCESS&return_code=SUCCESS&return_msg=OK&trade_type=JSAPI&key=bogleunionL18899765853bogleunion
[2017-01-04 16:30:55][debug] key:bogleunionL18899765853bogleunion
[2017-01-04 16:30:55][debug] string:appId=wxf53ced15df6d9c63&nonceStr=ibvnx1kaojsjtjo520j5y6l2j6crgeri&package=prepay_id=wx2017010416305511c8bd2c5b0632837913&signType=MD5&timeStamp=1483518655&key=bogleunionL18899765853bogleunion
[2017-01-04 16:30:55][debug] key:bogleunionL18899765853bogleunion
[2017-01-04 16:31:26][debug] string:appid=wxf53ced15df6d9c63&attach=1&body=股权帮&mch_id=1325297401&nonce_str=zakzr68bb4850pfh54cjyupjrcjwpxfy&notify_url=http://guquanbang.com/api.php/PayNotify/webchatpay_notify.html&openid=oBZpmxHwS0A7OFGKSltKP9jhuhjI&out_trade_no=2017010499565755&spbill_create_ip=101.226.93.241&time_expire=20170104164126&time_start=20170104163126&total_fee=380000&trade_type=JSAPI&key=bogleunionL18899765853bogleunion
[2017-01-04 16:31:26][debug] key:bogleunionL18899765853bogleunion
[2017-01-04 16:31:26][debug] string:appid=wxf53ced15df6d9c63&mch_id=1325297401&nonce_str=Lf5Nru4Y56xpXdHl&prepay_id=wx20170104163126e05e65c8750065138330&result_code=SUCCESS&return_code=SUCCESS&return_msg=OK&trade_type=JSAPI&key=bogleunionL18899765853bogleunion
[2017-01-04 16:31:26][debug] key:bogleunionL18899765853bogleunion
[2017-01-04 16:31:26][debug] string:appId=wxf53ced15df6d9c63&nonceStr=m0afyfn3vtlaamzmodtrh2kkznw380fb&package=prepay_id=wx20170104163126e05e65c8750065138330&signType=MD5&timeStamp=1483518686&key=bogleunionL18899765853bogleunion
[2017-01-04 16:31:26][debug] key:bogleunionL18899765853bogleunion
[2017-01-04 16:31:42][debug] string:appid=wxf53ced15df6d9c63&attach=1&body=股权帮&mch_id=1325297401&nonce_str=cnt34otp569qmbur8xvssijbohh0xfwf&notify_url=http://guquanbang.com/api.php/PayNotify/webchatpay_notify.html&openid=oBZpmxHwS0A7OFGKSltKP9jhuhjI&out_trade_no=2017010410250525&spbill_create_ip=101.226.93.241&time_expire=20170104164142&time_start=20170104163142&total_fee=380000&trade_type=JSAPI&key=bogleunionL18899765853bogleunion
[2017-01-04 16:31:42][debug] key:bogleunionL18899765853bogleunion
[2017-01-04 16:31:42][debug] string:appid=wxf53ced15df6d9c63&err_code=INVALID_REQUEST&err_code_des=201 商户订单号重复&mch_id=1325297401&nonce_str=mdGL3WtJoLEX0oE9&result_code=FAIL&return_code=SUCCESS&return_msg=OK&key=bogleunionL18899765853bogleunion
[2017-01-04 16:31:42][debug] key:bogleunionL18899765853bogleunion
[2017-01-04 16:31:49][debug] string:appid=wxf53ced15df6d9c63&attach=1&body=股权帮&mch_id=1325297401&nonce_str=52kkd3xvihrmg6vuin5plqehh5k39hje&notify_url=http://guquanbang.com/api.php/PayNotify/webchatpay_notify.html&openid=oBZpmxHwS0A7OFGKSltKP9jhuhjI&out_trade_no=2017010499565755&spbill_create_ip=101.226.93.241&time_expire=20170104164149&time_start=20170104163149&total_fee=380000&trade_type=JSAPI&key=bogleunionL18899765853bogleunion
[2017-01-04 16:31:49][debug] key:bogleunionL18899765853bogleunion
[2017-01-04 16:31:49][debug] string:appid=wxf53ced15df6d9c63&mch_id=1325297401&nonce_str=mCh6QGV1xGWvnamy&prepay_id=wx201701041631495b201830970963746099&result_code=SUCCESS&return_code=SUCCESS&return_msg=OK&trade_type=JSAPI&key=bogleunionL18899765853bogleunion
[2017-01-04 16:31:49][debug] key:bogleunionL18899765853bogleunion
[2017-01-04 16:31:49][debug] string:appId=wxf53ced15df6d9c63&nonceStr=prkdgollw85csxwpid2vcja8w1p1v5kb&package=prepay_id=wx201701041631495b201830970963746099&signType=MD5&timeStamp=1483518709&key=bogleunionL18899765853bogleunion
[2017-01-04 16:31:49][debug] key:bogleunionL18899765853bogleunion
[2017-01-04 16:32:07][debug] string:appid=wxf53ced15df6d9c63&attach=1&body=股权帮&mch_id=1325297401&nonce_str=dew3wnd8wduc8neuu2pk1vgwnnbkq0rp&notify_url=http://guquanbang.com/api.php/PayNotify/webchatpay_notify.html&openid=oBZpmxHwS0A7OFGKSltKP9jhuhjI&out_trade_no=2017010499565755mix&spbill_create_ip=101.226.93.241&time_expire=20170104164207&time_start=20170104163207&total_fee=100000&trade_type=JSAPI&key=bogleunionL18899765853bogleunion
[2017-01-04 16:32:07][debug] key:bogleunionL18899765853bogleunion
[2017-01-04 16:32:07][debug] string:appid=wxf53ced15df6d9c63&mch_id=1325297401&nonce_str=DPWnnvGDR0EffmRI&prepay_id=wx201701041632080b578890f30941116668&result_code=SUCCESS&return_code=SUCCESS&return_msg=OK&trade_type=JSAPI&key=bogleunionL18899765853bogleunion
[2017-01-04 16:32:07][debug] key:bogleunionL18899765853bogleunion
[2017-01-04 16:32:07][debug] string:appId=wxf53ced15df6d9c63&nonceStr=iup79e64n1jd2lxf9x3kzeing5ea4obs&package=prepay_id=wx201701041632080b578890f30941116668&signType=MD5&timeStamp=1483518727&key=bogleunionL18899765853bogleunion
[2017-01-04 16:32:07][debug] key:bogleunionL18899765853bogleunion
[2017-01-04 16:36:50][debug] string:appid=wxf53ced15df6d9c63&attach=1&body=股权帮&mch_id=1325297401&nonce_str=hyk0osrj7945tci61f164u6v7rygists&notify_url=http://guquanbang.com/api.php/PayNotify/webchatpay_notify.html&openid=oBZpmxNrpy_rhhxxRBf2sd2IQ6SE&out_trade_no=2017010449535510&spbill_create_ip=101.226.102.80&time_expire=20170104164650&time_start=20170104163650&total_fee=380000&trade_type=JSAPI&key=bogleunionL18899765853bogleunion
[2017-01-04 16:36:50][debug] key:bogleunionL18899765853bogleunion
[2017-01-04 16:36:52][debug] string:appid=wxf53ced15df6d9c63&mch_id=1325297401&nonce_str=QAvGrs1KBKZFhg6o&prepay_id=wx201701041636526213e098080677147473&result_code=SUCCESS&return_code=SUCCESS&return_msg=OK&trade_type=JSAPI&key=bogleunionL18899765853bogleunion
[2017-01-04 16:36:52][debug] key:bogleunionL18899765853bogleunion
[2017-01-04 16:36:52][debug] string:appId=wxf53ced15df6d9c63&nonceStr=nwh1y81v4uchpvreicsejw0vmny9nvmz&package=prepay_id=wx201701041636526213e098080677147473&signType=MD5&timeStamp=1483519012&key=bogleunionL18899765853bogleunion
[2017-01-04 16:36:52][debug] key:bogleunionL18899765853bogleunion
[2017-01-04 16:37:42][debug] string:appid=wxf53ced15df6d9c63&attach=1&body=股权帮&mch_id=1325297401&nonce_str=0neaiazmp1ssjijwxvdl3tkmv1yeps5d&notify_url=http://guquanbang.com/api.php/PayNotify/webchatpay_notify.html&openid=oBZpmxHwS0A7OFGKSltKP9jhuhjI&out_trade_no=2017010453579951&spbill_create_ip=101.226.93.241&time_expire=20170104164742&time_start=20170104163742&total_fee=380000&trade_type=JSAPI&key=bogleunionL18899765853bogleunion
[2017-01-04 16:37:42][debug] key:bogleunionL18899765853bogleunion
[2017-01-04 16:37:42][debug] string:appid=wxf53ced15df6d9c63&mch_id=1325297401&nonce_str=SU23P2clvl1qD83m&prepay_id=wx2017010416374298b68c0c1f0230045747&result_code=SUCCESS&return_code=SUCCESS&return_msg=OK&trade_type=JSAPI&key=bogleunionL18899765853bogleunion
[2017-01-04 16:37:42][debug] key:bogleunionL18899765853bogleunion
[2017-01-04 16:37:42][debug] string:appId=wxf53ced15df6d9c63&nonceStr=8l4pnnwjnqccg2niueni54jmq16h0uau&package=prepay_id=wx2017010416374298b68c0c1f0230045747&signType=MD5&timeStamp=1483519062&key=bogleunionL18899765853bogleunion
[2017-01-04 16:37:42][debug] key:bogleunionL18899765853bogleunion
[2017-01-04 16:38:34][debug] string:appid=wxf53ced15df6d9c63&attach=1&body=股权帮&mch_id=1325297401&nonce_str=8knhuicchwjtnl6h7wff16kncjvwaklu&notify_url=http://guquanbang.com/api.php/PayNotify/webchatpay_notify.html&openid=oBZpmxO90HEsdGFWFSbY5sDj7owE&out_trade_no=2017010497491015&spbill_create_ip=121.60.29.134&time_expire=20170104164834&time_start=20170104163834&total_fee=2000000&trade_type=JSAPI&key=bogleunionL18899765853bogleunion
[2017-01-04 16:38:34][debug] key:bogleunionL18899765853bogleunion
[2017-01-04 16:38:34][debug] string:appid=wxf53ced15df6d9c63&mch_id=1325297401&nonce_str=UJEK83P5WsHCLhx6&prepay_id=wx20170104163834d16156917a0606855346&result_code=SUCCESS&return_code=SUCCESS&return_msg=OK&trade_type=JSAPI&key=bogleunionL18899765853bogleunion
[2017-01-04 16:38:34][debug] key:bogleunionL18899765853bogleunion
[2017-01-04 16:38:34][debug] string:appId=wxf53ced15df6d9c63&nonceStr=s6btswue79zrpxiz6rcmqev95qjt44v3&package=prepay_id=wx20170104163834d16156917a0606855346&signType=MD5&timeStamp=1483519114&key=bogleunionL18899765853bogleunion
[2017-01-04 16:38:34][debug] key:bogleunionL18899765853bogleunion
[2017-01-04 16:38:39][debug] string:appid=wxf53ced15df6d9c63&attach=1&body=股权帮&mch_id=1325297401&nonce_str=bmvy8q09csr9ciyfjz7cqop96uh5h606&notify_url=http://guquanbang.com/api.php/PayNotify/webchatpay_notify.html&openid=oBZpmxKqfRYlOFaeiHb6oazBoNSY&out_trade_no=2017010410249571&spbill_create_ip=101.226.61.142&time_expire=20170104164839&time_start=20170104163839&total_fee=380000&trade_type=JSAPI&key=bogleunionL18899765853bogleunion
[2017-01-04 16:38:39][debug] key:bogleunionL18899765853bogleunion
[2017-01-04 16:38:40][debug] string:appid=wxf53ced15df6d9c63&mch_id=1325297401&nonce_str=i6CCfNbW1WCWfZs2&prepay_id=wx20170104163840dba498464b0325360320&result_code=SUCCESS&return_code=SUCCESS&return_msg=OK&trade_type=JSAPI&key=bogleunionL18899765853bogleunion
[2017-01-04 16:38:40][debug] key:bogleunionL18899765853bogleunion
[2017-01-04 16:38:40][debug] string:appId=wxf53ced15df6d9c63&nonceStr=moe2a261gg4kan3w42677ug8tagtbluw&package=prepay_id=wx20170104163840dba498464b0325360320&signType=MD5&timeStamp=1483519120&key=bogleunionL18899765853bogleunion
[2017-01-04 16:38:40][debug] key:bogleunionL18899765853bogleunion
[2017-01-04 16:39:32][debug] string:appid=wxf53ced15df6d9c63&attach=1&body=股权帮&mch_id=1325297401&nonce_str=836it2oj4fe94botof2o0tqossm6sy1g&notify_url=http://guquanbang.com/api.php/PayNotify/webchatpay_notify.html&openid=oBZpmxHwS0A7OFGKSltKP9jhuhjI&out_trade_no=2017010456531009&spbill_create_ip=101.226.93.241&time_expire=20170104164932&time_start=20170104163932&total_fee=2000000&trade_type=JSAPI&key=bogleunionL18899765853bogleunion
[2017-01-04 16:39:32][debug] key:bogleunionL18899765853bogleunion
[2017-01-04 16:39:34][debug] string:appid=wxf53ced15df6d9c63&err_code=INVALID_REQUEST&err_code_des=201 商户订单号重复&mch_id=1325297401&nonce_str=puzK5sgO9WMxPKWU&result_code=FAIL&return_code=SUCCESS&return_msg=OK&key=bogleunionL18899765853bogleunion
[2017-01-04 16:39:34][debug] key:bogleunionL18899765853bogleunion
[2017-01-04 16:39:51][debug] string:appid=wxf53ced15df6d9c63&attach=1&body=股权帮&mch_id=1325297401&nonce_str=ysma4mw6dxp2xa1ntflvezlo26n1dhd7&notify_url=http://guquanbang.com/api.php/PayNotify/webchatpay_notify.html&openid=oBZpmxHwS0A7OFGKSltKP9jhuhjI&out_trade_no=2017010454989810&spbill_create_ip=101.226.93.241&time_expire=20170104164951&time_start=20170104163951&total_fee=2000000&trade_type=JSAPI&key=bogleunionL18899765853bogleunion
[2017-01-04 16:39:51][debug] key:bogleunionL18899765853bogleunion
[2017-01-04 16:39:51][debug] string:appid=wxf53ced15df6d9c63&mch_id=1325297401&nonce_str=inyZNbC3JIAZDnRA&prepay_id=wx201701041639515157647f680218214572&result_code=SUCCESS&return_code=SUCCESS&return_msg=OK&trade_type=JSAPI&key=bogleunionL18899765853bogleunion
[2017-01-04 16:39:51][debug] key:bogleunionL18899765853bogleunion
[2017-01-04 16:39:51][debug] string:appId=wxf53ced15df6d9c63&nonceStr=bkw7cnk1ybmyv9gm8iqgw0hdzv1wnscw&package=prepay_id=wx201701041639515157647f680218214572&signType=MD5&timeStamp=1483519191&key=bogleunionL18899765853bogleunion
[2017-01-04 16:39:51][debug] key:bogleunionL18899765853bogleunion
[2017-01-04 23:48:48][debug] string:appid=wxf53ced15df6d9c63&attach=1&body=股权帮&mch_id=1325297401&nonce_str=6gidcttsjqss34d9ene2dmebll5z5ncy&notify_url=http://guquanbang.com/api.php/PayNotify/webchatpay_notify.html&openid=oBZpmxJLxmVqlLqdxc1wvjqr60KQ&out_trade_no=2017010410257515&spbill_create_ip=101.226.102.94&time_expire=20170104235848&time_start=20170104234848&total_fee=380000&trade_type=JSAPI&key=bogleunionL18899765853bogleunion
[2017-01-04 23:48:48][debug] key:bogleunionL18899765853bogleunion
[2017-01-04 23:48:50][debug] string:appid=wxf53ced15df6d9c63&mch_id=1325297401&nonce_str=MPQwyBJpKIhQVidR&prepay_id=wx201701042348504b388077b70642448933&result_code=SUCCESS&return_code=SUCCESS&return_msg=OK&trade_type=JSAPI&key=bogleunionL18899765853bogleunion
[2017-01-04 23:48:50][debug] key:bogleunionL18899765853bogleunion
[2017-01-04 23:48:50][debug] string:appId=wxf53ced15df6d9c63&nonceStr=zcd2dd367hgpujynbg5c2u1xdefbr53k&package=prepay_id=wx201701042348504b388077b70642448933&signType=MD5&timeStamp=1483544930&key=bogleunionL18899765853bogleunion
[2017-01-04 23:48:50][debug] key:bogleunionL18899765853bogleunion
