[2017-01-19 16:34:00][debug] string:appid=wxf53ced15df6d9c63&attach=1&body=股权帮&mch_id=1325297401&nonce_str=052xhz9gvc152vtffy5sbgjhias7j55b&notify_url=http://guquanbang.com/api.php/PayNotify/webchatpay_notify.html&openid=oBZpmxHwS0A7OFGKSltKP9jhuhjI&out_trade_no=2017011955495748&spbill_create_ip=101.226.93.241&time_expire=20170119164400&time_start=20170119163400&total_fee=2000000&trade_type=JSAPI&key=bogleunionL18899765853bogleunion
[2017-01-19 16:34:00][debug] key:bogleunionL18899765853bogleunion
[2017-01-19 16:34:00][debug] string:appid=wxf53ced15df6d9c63&mch_id=1325297401&nonce_str=nF1VN84vt7oEeFjR&prepay_id=wx20170119163400c408f701ab0141973875&result_code=SUCCESS&return_code=SUCCESS&return_msg=OK&trade_type=JSAPI&key=bogleunionL18899765853bogleunion
[2017-01-19 16:34:00][debug] key:bogleunionL18899765853bogleunion
[2017-01-19 16:34:00][debug] string:appId=wxf53ced15df6d9c63&nonceStr=43jj3clyvqj1fs009hirpk60164a2u4g&package=prepay_id=wx20170119163400c408f701ab0141973875&signType=MD5&timeStamp=1484814840&key=bogleunionL18899765853bogleunion
[2017-01-19 16:34:00][debug] key:bogleunionL18899765853bogleunion
[2017-01-19 17:03:28][debug] string:appid=wxf53ced15df6d9c63&attach=1&body=股权帮&mch_id=1325297401&nonce_str=er27pm8su7y49jm5w94g7yiyfoodjlqh&notify_url=http://guquanbang.com/api.php/PayNotify/webchatpay_notify.html&openid=oBZpmxHwS0A7OFGKSltKP9jhuhjI&out_trade_no=2017011910256995&spbill_create_ip=101.226.93.241&time_expire=20170119171328&time_start=20170119170328&total_fee=2000000&trade_type=JSAPI&key=bogleunionL18899765853bogleunion
[2017-01-19 17:03:28][debug] key:bogleunionL18899765853bogleunion
[2017-01-19 17:03:30][debug] string:appid=wxf53ced15df6d9c63&mch_id=1325297401&nonce_str=fYghI0MMGknxL44U&prepay_id=wx201701191703308b37fab0970625501760&result_code=SUCCESS&return_code=SUCCESS&return_msg=OK&trade_type=JSAPI&key=bogleunionL18899765853bogleunion
[2017-01-19 17:03:30][debug] key:bogleunionL18899765853bogleunion
[2017-01-19 17:03:30][debug] string:appId=wxf53ced15df6d9c63&nonceStr=abkawijwjl98q5qon58p5zjx2v9p269c&package=prepay_id=wx201701191703308b37fab0970625501760&signType=MD5&timeStamp=1484816610&key=bogleunionL18899765853bogleunion
[2017-01-19 17:03:30][debug] key:bogleunionL18899765853bogleunion
[2017-01-19 17:04:51][debug] string:appid=wxf53ced15df6d9c63&attach=1&body=股权帮&mch_id=1325297401&nonce_str=9uq4r09x5g8s7c2p79v3qef0j5mo1k6q&notify_url=http://guquanbang.com/api.php/PayNotify/webchatpay_notify.html&openid=oBZpmxNrpy_rhhxxRBf2sd2IQ6SE&out_trade_no=2017011951505748&spbill_create_ip=101.226.102.80&time_expire=20170119171451&time_start=20170119170451&total_fee=2000000&trade_type=JSAPI&key=bogleunionL18899765853bogleunion
[2017-01-19 17:04:51][debug] key:bogleunionL18899765853bogleunion
[2017-01-19 17:04:51][debug] string:appid=wxf53ced15df6d9c63&mch_id=1325297401&nonce_str=WtWudrKey7PFHUDE&prepay_id=wx20170119170451735e2e075f0144045865&result_code=SUCCESS&return_code=SUCCESS&return_msg=OK&trade_type=JSAPI&key=bogleunionL18899765853bogleunion
[2017-01-19 17:04:51][debug] key:bogleunionL18899765853bogleunion
[2017-01-19 17:04:51][debug] string:appId=wxf53ced15df6d9c63&nonceStr=3tvusvy41c3nesnfrldvbftgj9j85zh0&package=prepay_id=wx20170119170451735e2e075f0144045865&signType=MD5&timeStamp=1484816691&key=bogleunionL18899765853bogleunion
[2017-01-19 17:04:51][debug] key:bogleunionL18899765853bogleunion
[2017-01-19 17:04:51][debug] string:appid=wxf53ced15df6d9c63&attach=1&body=股权帮&mch_id=1325297401&nonce_str=sctpw190507k36bmsp1wzyiattogdghn&notify_url=http://guquanbang.com/api.php/PayNotify/webchatpay_notify.html&openid=oBZpmxNrpy_rhhxxRBf2sd2IQ6SE&out_trade_no=2017011951505748&spbill_create_ip=101.226.102.80&time_expire=20170119171451&time_start=20170119170451&total_fee=2000000&trade_type=JSAPI&key=bogleunionL18899765853bogleunion
[2017-01-19 17:04:51][debug] key:bogleunionL18899765853bogleunion
[2017-01-19 17:04:52][debug] string:appid=wxf53ced15df6d9c63&mch_id=1325297401&nonce_str=tR2w35WuvLu5TP9O&prepay_id=wx20170119170452a23b29c6f50912033546&result_code=SUCCESS&return_code=SUCCESS&return_msg=OK&trade_type=JSAPI&key=bogleunionL18899765853bogleunion
[2017-01-19 17:04:52][debug] key:bogleunionL18899765853bogleunion
[2017-01-19 17:04:52][debug] string:appId=wxf53ced15df6d9c63&nonceStr=q2j8btooe4na0xoo3jzs202f72a640kq&package=prepay_id=wx20170119170452a23b29c6f50912033546&signType=MD5&timeStamp=1484816692&key=bogleunionL18899765853bogleunion
[2017-01-19 17:04:52][debug] key:bogleunionL18899765853bogleunion
[2017-01-19 17:05:04][debug] string:appid=wxf53ced15df6d9c63&attach=1&body=股权帮&mch_id=1325297401&nonce_str=ecgxviwdpq36m5ipg6xao0txe8sdhiro&notify_url=http://guquanbang.com/api.php/PayNotify/webchatpay_notify.html&openid=oBZpmxHwS0A7OFGKSltKP9jhuhjI&out_trade_no=2017011910254544&spbill_create_ip=101.226.93.241&time_expire=20170119171504&time_start=20170119170504&total_fee=2000000&trade_type=JSAPI&key=bogleunionL18899765853bogleunion
[2017-01-19 17:05:04][debug] key:bogleunionL18899765853bogleunion
[2017-01-19 17:05:04][debug] string:appid=wxf53ced15df6d9c63&mch_id=1325297401&nonce_str=QwV72wfDxshchU3w&prepay_id=wx20170119170504ef382339410014787144&result_code=SUCCESS&return_code=SUCCESS&return_msg=OK&trade_type=JSAPI&key=bogleunionL18899765853bogleunion
[2017-01-19 17:05:04][debug] key:bogleunionL18899765853bogleunion
[2017-01-19 17:05:04][debug] string:appId=wxf53ced15df6d9c63&nonceStr=5dyq81j6e4qp1etd12mlbv4cuht8rjti&package=prepay_id=wx20170119170504ef382339410014787144&signType=MD5&timeStamp=1484816704&key=bogleunionL18899765853bogleunion
[2017-01-19 17:05:04][debug] key:bogleunionL18899765853bogleunion
[2017-01-19 17:05:05][debug] string:appid=wxf53ced15df6d9c63&attach=1&body=股权帮&mch_id=1325297401&nonce_str=4fjnk1viijxj9onc749go7q3ufbclzuq&notify_url=http://guquanbang.com/api.php/PayNotify/webchatpay_notify.html&openid=oBZpmxHwS0A7OFGKSltKP9jhuhjI&out_trade_no=2017011910254544&spbill_create_ip=101.226.93.241&time_expire=20170119171505&time_start=20170119170505&total_fee=2000000&trade_type=JSAPI&key=bogleunionL18899765853bogleunion
[2017-01-19 17:05:05][debug] key:bogleunionL18899765853bogleunion
[2017-01-19 17:05:05][debug] string:appid=wxf53ced15df6d9c63&mch_id=1325297401&nonce_str=lcZB57T3IXX1nVKa&prepay_id=wx2017011917050553b70460a90936572115&result_code=SUCCESS&return_code=SUCCESS&return_msg=OK&trade_type=JSAPI&key=bogleunionL18899765853bogleunion
[2017-01-19 17:05:05][debug] key:bogleunionL18899765853bogleunion
[2017-01-19 17:05:05][debug] string:appId=wxf53ced15df6d9c63&nonceStr=ekx3cphbvk0pdrwlkwr3hv896mbxyk32&package=prepay_id=wx2017011917050553b70460a90936572115&signType=MD5&timeStamp=1484816705&key=bogleunionL18899765853bogleunion
[2017-01-19 17:05:05][debug] key:bogleunionL18899765853bogleunion
[2017-01-19 17:05:57][debug] string:appid=wxf53ced15df6d9c63&attach=1&body=股权帮&mch_id=1325297401&nonce_str=opaqvrmbpclndl4h7vf3rvyfcv5gxuus&notify_url=http://guquanbang.com/api.php/PayNotify/webchatpay_notify.html&openid=oBZpmxKqfRYlOFaeiHb6oazBoNSY&out_trade_no=2017011952975455&spbill_create_ip=101.226.61.142&time_expire=20170119171557&time_start=20170119170557&total_fee=2000000&trade_type=JSAPI&key=bogleunionL18899765853bogleunion
[2017-01-19 17:05:57][debug] key:bogleunionL18899765853bogleunion
[2017-01-19 17:05:59][debug] string:appid=wxf53ced15df6d9c63&mch_id=1325297401&nonce_str=NNo47iLh9WB4Z0tF&prepay_id=wx2017011917055950166de1330948217797&result_code=SUCCESS&return_code=SUCCESS&return_msg=OK&trade_type=JSAPI&key=bogleunionL18899765853bogleunion
[2017-01-19 17:05:59][debug] key:bogleunionL18899765853bogleunion
[2017-01-19 17:05:59][debug] string:appId=wxf53ced15df6d9c63&nonceStr=5ho8h6gfkq0rj3jgqhcnlxb6vzddeh2g&package=prepay_id=wx2017011917055950166de1330948217797&signType=MD5&timeStamp=1484816759&key=bogleunionL18899765853bogleunion
[2017-01-19 17:05:59][debug] key:bogleunionL18899765853bogleunion
