[2017-01-08 11:34:08][debug] string:appid=wxf53ced15df6d9c63&attach=1&body=股权帮&mch_id=1325297401&nonce_str=ac8wz0cpxwjpb1hjv9xivb7tcpwvia1b&notify_url=http://guquanbang.com/api.php/PayNotify/webchatpay_notify.html&openid=oBZpmxFMKKI2JePsesF7sgc37Njg&out_trade_no=2017010810298565&spbill_create_ip=123.151.42.46&time_expire=20170108114408&time_start=20170108113408&total_fee=2000000&trade_type=JSAPI&key=bogleunionL18899765853bogleunion
[2017-01-08 11:34:08][debug] key:bogleunionL18899765853bogleunion
[2017-01-08 11:34:10][debug] string:appid=wxf53ced15df6d9c63&mch_id=1325297401&nonce_str=0rWg5IQ78fZE8NRP&prepay_id=wx20170108113410f9620373090691857339&result_code=SUCCESS&return_code=SUCCESS&return_msg=OK&trade_type=JSAPI&key=bogleunionL18899765853bogleunion
[2017-01-08 11:34:10][debug] key:bogleunionL18899765853bogleunion
[2017-01-08 11:34:10][debug] string:appId=wxf53ced15df6d9c63&nonceStr=p1yns0ia6xwqyqcshx16zuhrieajeoqy&package=prepay_id=wx20170108113410f9620373090691857339&signType=MD5&timeStamp=1483846450&key=bogleunionL18899765853bogleunion
[2017-01-08 11:34:10][debug] key:bogleunionL18899765853bogleunion
[2017-01-08 13:31:38][debug] string:appid=wxf53ced15df6d9c63&attach=1&body=股权帮&mch_id=1325297401&nonce_str=8ea9pe3il0eikv9c7hgvpkln16b4h86x&notify_url=http://guquanbang.com/api.php/PayNotify/webchatpay_notify.html&openid=oBZpmxISqcaomAZM7guOJXEWdQoM&out_trade_no=2017010857541015&spbill_create_ip=117.185.27.103&time_expire=20170108134138&time_start=20170108133138&total_fee=2000000&trade_type=JSAPI&key=bogleunionL18899765853bogleunion
[2017-01-08 13:31:38][debug] key:bogleunionL18899765853bogleunion
[2017-01-08 13:31:38][debug] string:appid=wxf53ced15df6d9c63&mch_id=1325297401&nonce_str=koSYoA9ttIx7151o&prepay_id=wx20170108133138d761ad65c60405838927&result_code=SUCCESS&return_code=SUCCESS&return_msg=OK&trade_type=JSAPI&key=bogleunionL18899765853bogleunion
[2017-01-08 13:31:38][debug] key:bogleunionL18899765853bogleunion
[2017-01-08 13:31:38][debug] string:appId=wxf53ced15df6d9c63&nonceStr=g2o06z0u71ymafbztt8w4gc01oaiumv9&package=prepay_id=wx20170108133138d761ad65c60405838927&signType=MD5&timeStamp=1483853498&key=bogleunionL18899765853bogleunion
[2017-01-08 13:31:38][debug] key:bogleunionL18899765853bogleunion
[2017-01-08 13:34:02][debug] string:appid=wxf53ced15df6d9c63&attach=1&body=股权帮&mch_id=1325297401&nonce_str=7vh94cns3s1o19t9ir4507v7k6hbwoe9&notify_url=http://guquanbang.com/api.php/PayNotify/webchatpay_notify.html&openid=oBZpmxISqcaomAZM7guOJXEWdQoM&out_trade_no=2017010857541015&spbill_create_ip=117.185.27.103&time_expire=20170108134402&time_start=20170108133402&total_fee=2000000&trade_type=JSAPI&key=bogleunionL18899765853bogleunion
[2017-01-08 13:34:02][debug] key:bogleunionL18899765853bogleunion
[2017-01-08 13:34:02][debug] string:appid=wxf53ced15df6d9c63&mch_id=1325297401&nonce_str=c79HbKezqK3g9v3C&prepay_id=wx20170108133402ccc4ee08410571720874&result_code=SUCCESS&return_code=SUCCESS&return_msg=OK&trade_type=JSAPI&key=bogleunionL18899765853bogleunion
[2017-01-08 13:34:02][debug] key:bogleunionL18899765853bogleunion
[2017-01-08 13:34:02][debug] string:appId=wxf53ced15df6d9c63&nonceStr=mk29fwul537uq5bevglfk5usyz4n1uyb&package=prepay_id=wx20170108133402ccc4ee08410571720874&signType=MD5&timeStamp=1483853642&key=bogleunionL18899765853bogleunion
[2017-01-08 13:34:02][debug] key:bogleunionL18899765853bogleunion
[2017-01-08 20:04:51][debug] string:appid=wxf53ced15df6d9c63&attach=1&body=股权帮&mch_id=1325297401&nonce_str=52tm0hmxk9681zeasw8r2ogzo0bz0xri&notify_url=http://guquanbang.com/api.php/PayNotify/webchatpay_notify.html&openid=oBZpmxMA74rVvXhTxZyynMfpf9Mo&out_trade_no=2017010850989750&spbill_create_ip=117.136.8.77&time_expire=20170108201451&time_start=20170108200451&total_fee=380000&trade_type=JSAPI&key=bogleunionL18899765853bogleunion
[2017-01-08 20:04:51][debug] key:bogleunionL18899765853bogleunion
[2017-01-08 20:05:03][debug] string:appid=wxf53ced15df6d9c63&attach=1&body=股权帮&mch_id=1325297401&nonce_str=hk7z63fb1pq74ifrmrsnvz27qpjy0kk9&notify_url=http://guquanbang.com/api.php/PayNotify/webchatpay_notify.html&openid=oBZpmxMA74rVvXhTxZyynMfpf9Mo&out_trade_no=2017010810252575&spbill_create_ip=117.136.8.77&time_expire=20170108201503&time_start=20170108200503&total_fee=380000&trade_type=JSAPI&key=bogleunionL18899765853bogleunion
[2017-01-08 20:05:03][debug] key:bogleunionL18899765853bogleunion
[2017-01-08 20:05:06][debug] string:appid=wxf53ced15df6d9c63&mch_id=1325297401&nonce_str=LSHjhd64xlBjxtMP&prepay_id=wx2017010820050625e43902030141130477&result_code=SUCCESS&return_code=SUCCESS&return_msg=OK&trade_type=JSAPI&key=bogleunionL18899765853bogleunion
[2017-01-08 20:05:06][debug] key:bogleunionL18899765853bogleunion
[2017-01-08 20:05:06][debug] string:appId=wxf53ced15df6d9c63&nonceStr=vcslch7i93cb499beetgkvqptollq5m8&package=prepay_id=wx2017010820050625e43902030141130477&signType=MD5&timeStamp=1483877106&key=bogleunionL18899765853bogleunion
[2017-01-08 20:05:06][debug] key:bogleunionL18899765853bogleunion
