[2017-01-10 08:10:19][debug] string:appid=wxf53ced15df6d9c63&attach=1&body=股权帮&mch_id=1325297401&nonce_str=99znjcw4spyxvasuziyynn3d5gkq4cl5&notify_url=http://guquanbang.com/api.php/PayNotify/webchatpay_notify.html&openid=oBZpmxEd_jDx1GS4wAdfJtjH0ANY&out_trade_no=2017011097549810&spbill_create_ip=123.178.82.236&time_expire=20170110082019&time_start=20170110081019&total_fee=2000000&trade_type=JSAPI&key=bogleunionL18899765853bogleunion
[2017-01-10 08:10:19][debug] key:bogleunionL18899765853bogleunion
[2017-01-10 08:10:21][debug] string:appid=wxf53ced15df6d9c63&mch_id=1325297401&nonce_str=pumkMsPB5eH5lagS&prepay_id=wx2017011008102104edaf78f10674249701&result_code=SUCCESS&return_code=SUCCESS&return_msg=OK&trade_type=JSAPI&key=bogleunionL18899765853bogleunion
[2017-01-10 08:10:21][debug] key:bogleunionL18899765853bogleunion
[2017-01-10 08:10:21][debug] string:appId=wxf53ced15df6d9c63&nonceStr=gpvt4mbpjh99906yq3uv1np72n07uk19&package=prepay_id=wx2017011008102104edaf78f10674249701&signType=MD5&timeStamp=1484007021&key=bogleunionL18899765853bogleunion
[2017-01-10 08:10:21][debug] key:bogleunionL18899765853bogleunion
[2017-01-10 16:42:06][debug] string:appid=wxf53ced15df6d9c63&attach=1&body=股权帮&mch_id=1325297401&nonce_str=6667wg63gqh5t59nyiztt92ha1cv3ypl&notify_url=http://guquanbang.com/api.php/PayNotify/webchatpay_notify.html&openid=oBZpmxMYTUmbalM7XCRNd8dcA42w&out_trade_no=2017011010010054&spbill_create_ip=119.98.170.216&time_expire=20170110165206&time_start=20170110164206&total_fee=380000&trade_type=JSAPI&key=bogleunionL18899765853bogleunion
[2017-01-10 16:42:06][debug] key:bogleunionL18899765853bogleunion
[2017-01-10 16:42:07][debug] string:appid=wxf53ced15df6d9c63&mch_id=1325297401&nonce_str=Ztdx3Agrz3CpEwcD&prepay_id=wx2017011016420738f9be1d800093347932&result_code=SUCCESS&return_code=SUCCESS&return_msg=OK&trade_type=JSAPI&key=bogleunionL18899765853bogleunion
[2017-01-10 16:42:07][debug] key:bogleunionL18899765853bogleunion
[2017-01-10 16:42:07][debug] string:appId=wxf53ced15df6d9c63&nonceStr=giq61jgvcgoeg2l9j3x241pxofoy97cn&package=prepay_id=wx2017011016420738f9be1d800093347932&signType=MD5&timeStamp=1484037727&key=bogleunionL18899765853bogleunion
[2017-01-10 16:42:07][debug] key:bogleunionL18899765853bogleunion
[2017-01-10 16:43:07][debug] string:appid=wxf53ced15df6d9c63&attach=1&body=股权帮&mch_id=1325297401&nonce_str=610ug4gf2vgfbostqh20k3mrq31jaxeu&notify_url=http://guquanbang.com/api.php/PayNotify/webchatpay_notify.html&openid=oBZpmxMYTUmbalM7XCRNd8dcA42w&out_trade_no=2017011057531005&spbill_create_ip=119.98.170.216&time_expire=20170110165307&time_start=20170110164307&total_fee=380000&trade_type=JSAPI&key=bogleunionL18899765853bogleunion
[2017-01-10 16:43:07][debug] key:bogleunionL18899765853bogleunion
[2017-01-10 16:43:07][debug] string:appid=wxf53ced15df6d9c63&mch_id=1325297401&nonce_str=psSxgc0J0R2xCf1p&prepay_id=wx2017011016430723e33d2a190313770410&result_code=SUCCESS&return_code=SUCCESS&return_msg=OK&trade_type=JSAPI&key=bogleunionL18899765853bogleunion
[2017-01-10 16:43:07][debug] key:bogleunionL18899765853bogleunion
[2017-01-10 16:43:07][debug] string:appId=wxf53ced15df6d9c63&nonceStr=jpwf33su8fsvor0gaclb19dj0dsct99l&package=prepay_id=wx2017011016430723e33d2a190313770410&signType=MD5&timeStamp=1484037787&key=bogleunionL18899765853bogleunion
[2017-01-10 16:43:07][debug] key:bogleunionL18899765853bogleunion
[2017-01-10 16:50:19][debug] string:appid=wxf53ced15df6d9c63&attach=1&body=股权帮&mch_id=1325297401&nonce_str=k7ghx4m50cdkvyvrhoacx7zoq5v0ntar&notify_url=http://guquanbang.com/api.php/PayNotify/webchatpay_notify.html&openid=oBZpmxMYTUmbalM7XCRNd8dcA42w&out_trade_no=2017011097100101&spbill_create_ip=119.98.170.216&time_expire=20170110170019&time_start=20170110165019&total_fee=380000&trade_type=JSAPI&key=bogleunionL18899765853bogleunion
[2017-01-10 16:50:19][debug] key:bogleunionL18899765853bogleunion
[2017-01-10 16:50:21][debug] string:appid=wxf53ced15df6d9c63&mch_id=1325297401&nonce_str=vjw7rXLH6BQ9sf4z&prepay_id=wx201701101650210d07705c400457606267&result_code=SUCCESS&return_code=SUCCESS&return_msg=OK&trade_type=JSAPI&key=bogleunionL18899765853bogleunion
[2017-01-10 16:50:21][debug] key:bogleunionL18899765853bogleunion
[2017-01-10 16:50:21][debug] string:appId=wxf53ced15df6d9c63&nonceStr=d7zicttx6z24h8hl2wq3duup9mchaxr9&package=prepay_id=wx201701101650210d07705c400457606267&signType=MD5&timeStamp=1484038221&key=bogleunionL18899765853bogleunion
[2017-01-10 16:50:21][debug] key:bogleunionL18899765853bogleunion
[2017-01-10 17:15:11][debug] string:appid=wxf53ced15df6d9c63&attach=1&body=股权帮&mch_id=1325297401&nonce_str=gbmyp4kkday76qpbmfm4gnla953x3unz&notify_url=http://guquanbang.com/api.php/PayNotify/webchatpay_notify.html&openid=oBZpmxMYTUmbalM7XCRNd8dcA42w&out_trade_no=2017011010198485&spbill_create_ip=119.98.170.216&time_expire=20170110172511&time_start=20170110171511&total_fee=2000000&trade_type=JSAPI&key=bogleunionL18899765853bogleunion
[2017-01-10 17:15:11][debug] key:bogleunionL18899765853bogleunion
[2017-01-10 17:15:13][debug] string:appid=wxf53ced15df6d9c63&mch_id=1325297401&nonce_str=zbys3uff3zQwzOBt&prepay_id=wx20170110171513737e99960e0813350123&result_code=SUCCESS&return_code=SUCCESS&return_msg=OK&trade_type=JSAPI&key=bogleunionL18899765853bogleunion
[2017-01-10 17:15:13][debug] key:bogleunionL18899765853bogleunion
[2017-01-10 17:15:13][debug] string:appId=wxf53ced15df6d9c63&nonceStr=71mmc6d0zmla95nlhsc30e3kfogbrbl9&package=prepay_id=wx20170110171513737e99960e0813350123&signType=MD5&timeStamp=1484039713&key=bogleunionL18899765853bogleunion
[2017-01-10 17:15:13][debug] key:bogleunionL18899765853bogleunion
[2017-01-10 17:19:56][debug] string:appid=wxf53ced15df6d9c63&attach=1&body=股权帮&mch_id=1325297401&nonce_str=59nw457jxp5sbxt7rlb0dfnxh7b55lc2&notify_url=http://guquanbang.com/api.php/PayNotify/webchatpay_notify.html&openid=oBZpmxNrpy_rhhxxRBf2sd2IQ6SE&out_trade_no=2017011098101565&spbill_create_ip=117.144.246.146&time_expire=20170110172956&time_start=20170110171956&total_fee=2000000&trade_type=JSAPI&key=bogleunionL18899765853bogleunion
[2017-01-10 17:19:56][debug] key:bogleunionL18899765853bogleunion
[2017-01-10 17:20:06][debug] string:appid=wxf53ced15df6d9c63&attach=1&body=股权帮&mch_id=1325297401&nonce_str=rd0in0k39weu1q7ybl56nwcdni4ygyzo&notify_url=http://guquanbang.com/api.php/PayNotify/webchatpay_notify.html&openid=oBZpmxNrpy_rhhxxRBf2sd2IQ6SE&out_trade_no=2017011054515797&spbill_create_ip=117.144.246.146&time_expire=20170110173006&time_start=20170110172006&total_fee=2000000&trade_type=JSAPI&key=bogleunionL18899765853bogleunion
[2017-01-10 17:20:06][debug] key:bogleunionL18899765853bogleunion
[2017-01-10 17:20:08][debug] string:appid=wxf53ced15df6d9c63&mch_id=1325297401&nonce_str=4L4ZnkZTdmMWXVTk&prepay_id=wx201701101720089203e0e58a0794389325&result_code=SUCCESS&return_code=SUCCESS&return_msg=OK&trade_type=JSAPI&key=bogleunionL18899765853bogleunion
[2017-01-10 17:20:08][debug] key:bogleunionL18899765853bogleunion
[2017-01-10 17:20:08][debug] string:appId=wxf53ced15df6d9c63&nonceStr=2wk4jo9eelvhq18d8gvossuw024mwct3&package=prepay_id=wx201701101720089203e0e58a0794389325&signType=MD5&timeStamp=1484040008&key=bogleunionL18899765853bogleunion
[2017-01-10 17:20:08][debug] key:bogleunionL18899765853bogleunion
[2017-01-10 17:21:44][debug] string:appid=wxf53ced15df6d9c63&attach=1&body=股权帮&mch_id=1325297401&nonce_str=lspf0qfwsw3p8w01xsw7b9due9wlxb5c&notify_url=http://guquanbang.com/api.php/PayNotify/webchatpay_notify.html&openid=oBZpmxNrpy_rhhxxRBf2sd2IQ6SE&out_trade_no=2017011056525410&spbill_create_ip=117.144.246.146&time_expire=20170110173144&time_start=20170110172144&total_fee=2000000&trade_type=JSAPI&key=bogleunionL18899765853bogleunion
[2017-01-10 17:21:44][debug] key:bogleunionL18899765853bogleunion
[2017-01-10 17:21:45][debug] string:appid=wxf53ced15df6d9c63&mch_id=1325297401&nonce_str=aZW7wpLQUKxQhv9c&prepay_id=wx201701101721454534d606bb0969831528&result_code=SUCCESS&return_code=SUCCESS&return_msg=OK&trade_type=JSAPI&key=bogleunionL18899765853bogleunion
[2017-01-10 17:21:45][debug] key:bogleunionL18899765853bogleunion
[2017-01-10 17:21:45][debug] string:appId=wxf53ced15df6d9c63&nonceStr=joor287h9kewk3c3um1zserxl1unh7ge&package=prepay_id=wx201701101721454534d606bb0969831528&signType=MD5&timeStamp=1484040105&key=bogleunionL18899765853bogleunion
[2017-01-10 17:21:45][debug] key:bogleunionL18899765853bogleunion
