[2017-01-07 00:43:11][debug] string:appid=wxf53ced15df6d9c63&attach=1&body=股权帮&mch_id=1325297401&nonce_str=8gc688wqz3zppii3twz5kxurbo8xgd70&notify_url=http://guquanbang.com/api.php/PayNotify/webchatpay_notify.html&openid=oBZpmxBNSoPaer7keWYDeKeAyQRw&out_trade_no=2017010710156101&spbill_create_ip=101.226.125.117&time_expire=20170107005311&time_start=20170107004311&total_fee=2000000&trade_type=JSAPI&key=bogleunionL18899765853bogleunion
[2017-01-07 00:43:11][debug] key:bogleunionL18899765853bogleunion
[2017-01-07 00:43:16][debug] string:appid=wxf53ced15df6d9c63&mch_id=1325297401&nonce_str=8D8ki1lIJXDo9ALK&prepay_id=wx20170107004316efdc79205f0103306331&result_code=SUCCESS&return_code=SUCCESS&return_msg=OK&trade_type=JSAPI&key=bogleunionL18899765853bogleunion
[2017-01-07 00:43:16][debug] key:bogleunionL18899765853bogleunion
[2017-01-07 00:43:16][debug] string:appId=wxf53ced15df6d9c63&nonceStr=ddrn6deu33gp9udwgmxtv11mu0t19lqt&package=prepay_id=wx20170107004316efdc79205f0103306331&signType=MD5&timeStamp=1483720996&key=bogleunionL18899765853bogleunion
[2017-01-07 00:43:16][debug] key:bogleunionL18899765853bogleunion
[2017-01-07 01:57:29][debug] string:appid=wxf53ced15df6d9c63&attach=1&body=股权帮&mch_id=1325297401&nonce_str=hnn0oe1ir32zp85bnt2qz7xsogld410y&notify_url=http://guquanbang.com/api.php/PayNotify/webchatpay_notify.html&openid=oBZpmxDRPh7Hyjj_itTJUySvh74Q&out_trade_no=2017010756989749&spbill_create_ip=123.151.138.59&time_expire=20170107020729&time_start=20170107015729&total_fee=2000000&trade_type=JSAPI&key=bogleunionL18899765853bogleunion
[2017-01-07 01:57:29][debug] key:bogleunionL18899765853bogleunion
[2017-01-07 01:57:33][debug] string:appid=wxf53ced15df6d9c63&mch_id=1325297401&nonce_str=YZhugARupGZMB9yP&prepay_id=wx201701070157332c5b04d18b0060283264&result_code=SUCCESS&return_code=SUCCESS&return_msg=OK&trade_type=JSAPI&key=bogleunionL18899765853bogleunion
[2017-01-07 01:57:33][debug] key:bogleunionL18899765853bogleunion
[2017-01-07 01:57:33][debug] string:appId=wxf53ced15df6d9c63&nonceStr=x0k8pzskphh062fztpg8d262bkou2gzp&package=prepay_id=wx201701070157332c5b04d18b0060283264&signType=MD5&timeStamp=1483725453&key=bogleunionL18899765853bogleunion
[2017-01-07 01:57:33][debug] key:bogleunionL18899765853bogleunion
[2017-01-07 01:57:33][debug] string:appid=wxf53ced15df6d9c63&attach=1&body=股权帮&mch_id=1325297401&nonce_str=kv4qwz4xyuxfll8tcwvepmpk3684d2vb&notify_url=http://guquanbang.com/api.php/PayNotify/webchatpay_notify.html&openid=oBZpmxDRPh7Hyjj_itTJUySvh74Q&out_trade_no=2017010756989749&spbill_create_ip=123.151.138.59&time_expire=20170107020733&time_start=20170107015733&total_fee=2000000&trade_type=JSAPI&key=bogleunionL18899765853bogleunion
[2017-01-07 01:57:33][debug] key:bogleunionL18899765853bogleunion
[2017-01-07 01:57:33][debug] string:appid=wxf53ced15df6d9c63&mch_id=1325297401&nonce_str=YbriuPefsWRj0NBk&prepay_id=wx201701070157332c5b04d18b0606402869&result_code=SUCCESS&return_code=SUCCESS&return_msg=OK&trade_type=JSAPI&key=bogleunionL18899765853bogleunion
[2017-01-07 01:57:33][debug] key:bogleunionL18899765853bogleunion
[2017-01-07 01:57:33][debug] string:appId=wxf53ced15df6d9c63&nonceStr=p4rygy4ldob5b2rwcsm28yaavq77mjk7&package=prepay_id=wx201701070157332c5b04d18b0606402869&signType=MD5&timeStamp=1483725453&key=bogleunionL18899765853bogleunion
[2017-01-07 01:57:33][debug] key:bogleunionL18899765853bogleunion
[2017-01-07 09:12:40][debug] string:appid=wxf53ced15df6d9c63&attach=1&body=股权帮&mch_id=1325297401&nonce_str=6pkqoa4zfw06fq2co4rcpna4h03s1ojn&notify_url=http://guquanbang.com/api.php/PayNotify/webchatpay_notify.html&openid=oBZpmxMp757rOz-UA6Ijhmo4OYgY&out_trade_no=2017010755101545&spbill_create_ip=27.17.55.226&time_expire=20170107092240&time_start=20170107091240&total_fee=2000000&trade_type=JSAPI&key=bogleunionL18899765853bogleunion
[2017-01-07 09:12:40][debug] key:bogleunionL18899765853bogleunion
[2017-01-07 09:13:23][debug] string:appid=wxf53ced15df6d9c63&attach=1&body=股权帮&mch_id=1325297401&nonce_str=dblddbdei46gsfa8b4fgpcthta73r2ym&notify_url=http://guquanbang.com/api.php/PayNotify/webchatpay_notify.html&openid=oBZpmxMp757rOz-UA6Ijhmo4OYgY&out_trade_no=2017010751499949&spbill_create_ip=27.17.55.226&time_expire=20170107092323&time_start=20170107091323&total_fee=2000000&trade_type=JSAPI&key=bogleunionL18899765853bogleunion
[2017-01-07 09:13:23][debug] key:bogleunionL18899765853bogleunion
[2017-01-07 09:13:26][debug] string:appid=wxf53ced15df6d9c63&mch_id=1325297401&nonce_str=4Ir4GLq1fSpq3ATB&prepay_id=wx201701070913260be770e2630471276202&result_code=SUCCESS&return_code=SUCCESS&return_msg=OK&trade_type=JSAPI&key=bogleunionL18899765853bogleunion
[2017-01-07 09:13:26][debug] key:bogleunionL18899765853bogleunion
[2017-01-07 09:13:26][debug] string:appId=wxf53ced15df6d9c63&nonceStr=8soyip5g5iz2vw1g4bcp3v1mwrf4ydic&package=prepay_id=wx201701070913260be770e2630471276202&signType=MD5&timeStamp=1483751606&key=bogleunionL18899765853bogleunion
[2017-01-07 09:13:26][debug] key:bogleunionL18899765853bogleunion
[2017-01-07 13:00:02][debug] string:appid=wxf53ced15df6d9c63&attach=1&body=股权帮&mch_id=1325297401&nonce_str=btehj04oheko8p57vtblk5jt525lizgq&notify_url=http://guquanbang.com/api.php/PayNotify/webchatpay_notify.html&openid=oBZpmxIwIfAFYcmTsV7XeC9h8vDI&out_trade_no=2017010749565156&spbill_create_ip=113.57.182.113&time_expire=20170107131002&time_start=20170107130002&total_fee=2000000&trade_type=JSAPI&key=bogleunionL18899765853bogleunion
[2017-01-07 13:00:02][debug] key:bogleunionL18899765853bogleunion
[2017-01-07 13:00:04][debug] string:appid=wxf53ced15df6d9c63&mch_id=1325297401&nonce_str=8L1O5c3rs8knRVBS&prepay_id=wx20170107130004f22fd16aff0865525111&result_code=SUCCESS&return_code=SUCCESS&return_msg=OK&trade_type=JSAPI&key=bogleunionL18899765853bogleunion
[2017-01-07 13:00:04][debug] key:bogleunionL18899765853bogleunion
[2017-01-07 13:00:04][debug] string:appId=wxf53ced15df6d9c63&nonceStr=54aigrcmkzgo9co7log55685x6x6somi&package=prepay_id=wx20170107130004f22fd16aff0865525111&signType=MD5&timeStamp=1483765204&key=bogleunionL18899765853bogleunion
[2017-01-07 13:00:04][debug] key:bogleunionL18899765853bogleunion
